debug_node.mjs:17960 Angular is running in development mode.
app.ts:39 Dil dosyası yüklendi: Ana Sayfa
main.ts:5 NG0913: An image with src http://localhost:4200/assets/logo.jpg has intrinsic file dimensions much larger than its rendered size. This can negatively impact application loading performance. For more information about addressing or disabling this warning, see https://angular.dev/errors/NG0913. Find more at https://angular.dev/errors/NG0913
logOversizedImageWarning @ core.mjs:861
scanImages @ core.mjs:771
timer @ zone.js:1809
invokeTask @ zone.js:431
runTask @ zone.js:161
invokeTask @ zone.js:515
ZoneTask.invoke @ zone.js:504
data.args.<computed> @ zone.js:1778
setTimeout (async)
scheduleTask @ zone.js:1780
scheduleTask @ zone.js:417
scheduleTask @ zone.js:207
scheduleMacroTask @ zone.js:230
scheduleMacroTaskWithCurrentZone @ zone.js:723
(anonymous) @ zone.js:1834
proto.<computed> @ zone.js:1038
waitToScan @ core.mjs:703
invokeTask @ zone.js:431
runTask @ zone.js:161
invokeTask @ zone.js:515
invokeTask @ zone.js:1141
globalCallback @ zone.js:1172
globalZoneAwareCallback @ zone.js:1205
load (async)
customScheduleGlobal @ zone.js:1289
scheduleTask @ zone.js:417
scheduleTask @ zone.js:207
scheduleEventTask @ zone.js:233
(anonymous) @ zone.js:1498
setup @ core.mjs:715
(anonymous) @ core.mjs:721
invoke @ zone.js:398
run @ zone.js:113
start @ core.mjs:721
(anonymous) @ core.mjs:962
invoke @ zone.js:398
onInvoke @ debug_node.mjs:16642
invoke @ zone.js:397
run @ zone.js:113
(anonymous) @ zone.js:2537
invokeTask @ zone.js:431
(anonymous) @ debug_node.mjs:16306
onInvokeTask @ debug_node.mjs:16306
invokeTask @ zone.js:430
onInvokeTask @ debug_node.mjs:16629
invokeTask @ zone.js:430
runTask @ zone.js:161
drainMicroTaskQueue @ zone.js:612
Zone - Promise.then (async)
onScheduleTask @ debug_node.mjs:16300
scheduleTask @ zone.js:411
onScheduleTask @ zone.js:273
scheduleTask @ zone.js:411
scheduleTask @ zone.js:207
scheduleMicroTask @ zone.js:227
scheduleResolveOrReject @ zone.js:2527
then @ zone.js:2732
(anonymous) @ core.mjs:948
_callAndReportToErrorHandler @ core.mjs:1008
(anonymous) @ core.mjs:945
invoke @ zone.js:398
onInvoke @ debug_node.mjs:16642
invoke @ zone.js:397
run @ zone.js:113
run @ debug_node.mjs:16488
bootstrap @ core.mjs:904
internalCreateApplication @ core.mjs:2655
bootstrapApplication @ browser.mjs:430
(anonymous) @ main.ts:5
Show 65 more frames
Show less
Books:1 
        
        
       
        
       Third-party cookie will be blocked in future Chrome versions as part of Privacy Sandbox.
app.ts:297 Auth data cleared
app.ts:219 Logout: Auth data cleared
app.ts:256 🔄 Authentication state updated: false
app.ts:263 ✅ Auth state change event dispatched
login.component.ts:54 Attempting login with: {email: 'string@gmail.com', password: 'String21!'}
login.component.ts:58 Login response received: {message: 'Login successful'}
login.component.ts:64 Login successful - cookies set by backend
app.ts:241 Cookie-based session set with expiry: Wed Aug 20 2025 00:00:56 GMT+0300 (GMT+03:00)
app.ts:256 🔄 Authentication state updated: true
app.ts:263 ✅ Auth state change event dispatched
login.component.ts:68 Cookie-based session set
login.component.ts:109 Loading user info from backend...
tr/login:1 Access to fetch at 'https://localhost:7209/api/Users/me' from origin 'http://localhost:4200' has been blocked by CORS policy: No 'Access-Control-Allow-Origin' header is present on the requested resource. If an opaque response serves your needs, set the request's mode to 'no-cors' to fetch the resource with CORS disabled.
chunk-WDMUDEB6.js:49 
        
        
       GET https://localhost:7209/api/Users/me net::ERR_FAILED 500 (Internal Server Error)
(anonymous) @ zone.js:2788
proto.<computed> @ zone.js:1038
FetchBackend.fetchImpl @ module.mjs:1698
(anonymous) @ module.mjs:1738
invoke @ zone.js:398
run @ zone.js:113
runOutsideAngular @ debug_node.mjs:16533
(anonymous) @ module.mjs:1738
(anonymous) @ chunk-WDMUDEB6.js:49
ZoneAwarePromise @ zone.js:2701
__async @ chunk-WDMUDEB6.js:33
doRequest @ module.mjs:1731
(anonymous) @ module.mjs:1710
Observable2._trySubscribe @ Observable.js:38
(anonymous) @ Observable.js:32
errorContext @ errorContext.js:19
Observable2.subscribe @ Observable.js:23
(anonymous) @ catchError.js:9
(anonymous) @ lift.js:10
(anonymous) @ Observable.js:27
errorContext @ errorContext.js:19
Observable2.subscribe @ Observable.js:23
(anonymous) @ finalize.js:5
(anonymous) @ lift.js:10
(anonymous) @ Observable.js:27
errorContext @ errorContext.js:19
Observable2.subscribe @ Observable.js:23
doInnerSub @ mergeInternals.js:19
outerNext @ mergeInternals.js:14
OperatorSubscriber2._this._next @ OperatorSubscriber.js:15
Subscriber2.next @ Subscriber.js:34
(anonymous) @ innerFrom.js:51
Observable2._trySubscribe @ Observable.js:38
(anonymous) @ Observable.js:32
errorContext @ errorContext.js:19
Observable2.subscribe @ Observable.js:23
mergeInternals @ mergeInternals.js:53
(anonymous) @ mergeMap.js:14
(anonymous) @ lift.js:10
(anonymous) @ Observable.js:27
errorContext @ errorContext.js:19
Observable2.subscribe @ Observable.js:23
(anonymous) @ filter.js:6
(anonymous) @ lift.js:10
(anonymous) @ Observable.js:27
errorContext @ errorContext.js:19
Observable2.subscribe @ Observable.js:23
(anonymous) @ map.js:6
(anonymous) @ lift.js:10
(anonymous) @ Observable.js:27
errorContext @ errorContext.js:19
Observable2.subscribe @ Observable.js:23
loadUserInfo @ login.component.ts:110
next @ login.component.ts:71
ConsumerObserver2.next @ Subscriber.js:96
Subscriber2._next @ Subscriber.js:63
Subscriber2.next @ Subscriber.js:34
(anonymous) @ map.js:7
OperatorSubscriber2._this._next @ OperatorSubscriber.js:15
Subscriber2.next @ Subscriber.js:34
(anonymous) @ filter.js:6
OperatorSubscriber2._this._next @ OperatorSubscriber.js:15
Subscriber2.next @ Subscriber.js:34
(anonymous) @ mergeInternals.js:25
OperatorSubscriber2._this._next @ OperatorSubscriber.js:15
Subscriber2.next @ Subscriber.js:34
(anonymous) @ module.mjs:1862
fulfilled @ chunk-WDMUDEB6.js:36
invoke @ zone.js:398
onInvoke @ debug_node.mjs:16642
invoke @ zone.js:397
run @ zone.js:113
(anonymous) @ zone.js:2537
invokeTask @ zone.js:431
(anonymous) @ debug_node.mjs:16306
onInvokeTask @ debug_node.mjs:16306
invokeTask @ zone.js:430
onInvokeTask @ debug_node.mjs:16629
invokeTask @ zone.js:430
runTask @ zone.js:161
drainMicroTaskQueue @ zone.js:612
Zone - Promise.then (async)
onScheduleTask @ debug_node.mjs:16300
scheduleTask @ zone.js:411
onScheduleTask @ zone.js:273
scheduleTask @ zone.js:411
scheduleTask @ zone.js:207
scheduleMicroTask @ zone.js:227
scheduleResolveOrReject @ zone.js:2527
resolvePromise @ zone.js:2461
(anonymous) @ zone.js:2369
(anonymous) @ zone.js:2385
step @ chunk-WDMUDEB6.js:48
fulfilled @ chunk-WDMUDEB6.js:36
invoke @ zone.js:398
run @ zone.js:113
(anonymous) @ zone.js:2537
invokeTask @ zone.js:431
runTask @ zone.js:161
drainMicroTaskQueue @ zone.js:612
Promise.then (async)
nativeScheduleMicroTask @ zone.js:588
scheduleMicroTask @ zone.js:599
scheduleTask @ zone.js:420
scheduleTask @ zone.js:207
scheduleMicroTask @ zone.js:227
scheduleResolveOrReject @ zone.js:2527
resolvePromise @ zone.js:2461
(anonymous) @ zone.js:2369
(anonymous) @ zone.js:2385
Promise.then (async)
(anonymous) @ zone.js:2779
ZoneAwarePromise @ zone.js:2701
Ctor.then @ zone.js:2778
resolvePromise @ zone.js:2422
resolve @ zone.js:2559
step @ chunk-WDMUDEB6.js:48
fulfilled @ chunk-WDMUDEB6.js:36
invoke @ zone.js:398
run @ zone.js:113
(anonymous) @ zone.js:2537
invokeTask @ zone.js:431
runTask @ zone.js:161
drainMicroTaskQueue @ zone.js:612
Promise.then (async)
nativeScheduleMicroTask @ zone.js:588
scheduleMicroTask @ zone.js:599
scheduleTask @ zone.js:420
scheduleTask @ zone.js:207
scheduleMicroTask @ zone.js:227
scheduleResolveOrReject @ zone.js:2527
resolvePromise @ zone.js:2461
(anonymous) @ zone.js:2369
(anonymous) @ zone.js:2385
Promise.then (async)
(anonymous) @ zone.js:2779
ZoneAwarePromise @ zone.js:2701
Ctor.then @ zone.js:2778
resolvePromise @ zone.js:2422
resolve @ zone.js:2559
step @ chunk-WDMUDEB6.js:48
(anonymous) @ chunk-WDMUDEB6.js:49
ZoneAwarePromise @ zone.js:2701
__async @ chunk-WDMUDEB6.js:33
(anonymous) @ module.mjs:1789
invoke @ zone.js:398
run @ zone.js:113
runOutsideAngular @ debug_node.mjs:16533
(anonymous) @ module.mjs:1789
fulfilled @ chunk-WDMUDEB6.js:36
invoke @ zone.js:398
onInvoke @ debug_node.mjs:16642
invoke @ zone.js:397
run @ zone.js:113
(anonymous) @ zone.js:2537
invokeTask @ zone.js:431
(anonymous) @ debug_node.mjs:16306
onInvokeTask @ debug_node.mjs:16306
invokeTask @ zone.js:430
onInvokeTask @ debug_node.mjs:16629
invokeTask @ zone.js:430
runTask @ zone.js:161
drainMicroTaskQueue @ zone.js:612
Zone - Promise.then (async)
onScheduleTask @ debug_node.mjs:16300
scheduleTask @ zone.js:411
onScheduleTask @ zone.js:273
scheduleTask @ zone.js:411
scheduleTask @ zone.js:207
scheduleMicroTask @ zone.js:227
scheduleResolveOrReject @ zone.js:2527
resolvePromise @ zone.js:2461
(anonymous) @ zone.js:2369
(anonymous) @ zone.js:2385
invoke @ zone.js:398
onInvoke @ debug_node.mjs:16642
invoke @ zone.js:397
run @ zone.js:113
(anonymous) @ zone.js:2537
invokeTask @ zone.js:431
(anonymous) @ debug_node.mjs:16306
onInvokeTask @ debug_node.mjs:16306
invokeTask @ zone.js:430
onInvokeTask @ debug_node.mjs:16629
invokeTask @ zone.js:430
runTask @ zone.js:161
drainMicroTaskQueue @ zone.js:612
Zone - Promise.then (async)
onScheduleTask @ debug_node.mjs:16300
scheduleTask @ zone.js:411
onScheduleTask @ zone.js:273
scheduleTask @ zone.js:411
scheduleTask @ zone.js:207
scheduleMicroTask @ zone.js:227
scheduleResolveOrReject @ zone.js:2527
resolvePromise @ zone.js:2461
(anonymous) @ zone.js:2369
(anonymous) @ zone.js:2385
Promise.then (async)
(anonymous) @ zone.js:2779
ZoneAwarePromise @ zone.js:2701
Ctor.then @ zone.js:2778
resolvePromise @ zone.js:2422
resolve @ zone.js:2559
step @ chunk-WDMUDEB6.js:48
(anonymous) @ chunk-WDMUDEB6.js:49
ZoneAwarePromise @ zone.js:2701
__async @ chunk-WDMUDEB6.js:33
doRequest @ module.mjs:1731
(anonymous) @ module.mjs:1710
Observable2._trySubscribe @ Observable.js:38
(anonymous) @ Observable.js:32
errorContext @ errorContext.js:19
Observable2.subscribe @ Observable.js:23
(anonymous) @ finalize.js:5
(anonymous) @ lift.js:10
(anonymous) @ Observable.js:27
errorContext @ errorContext.js:19
Observable2.subscribe @ Observable.js:23
doInnerSub @ mergeInternals.js:19
outerNext @ mergeInternals.js:14
OperatorSubscriber2._this._next @ OperatorSubscriber.js:15
Subscriber2.next @ Subscriber.js:34
(anonymous) @ innerFrom.js:51
Observable2._trySubscribe @ Observable.js:38
(anonymous) @ Observable.js:32
errorContext @ errorContext.js:19
Observable2.subscribe @ Observable.js:23
mergeInternals @ mergeInternals.js:53
(anonymous) @ mergeMap.js:14
(anonymous) @ lift.js:10
(anonymous) @ Observable.js:27
errorContext @ errorContext.js:19
Observable2.subscribe @ Observable.js:23
(anonymous) @ filter.js:6
(anonymous) @ lift.js:10
(anonymous) @ Observable.js:27
errorContext @ errorContext.js:19
Observable2.subscribe @ Observable.js:23
(anonymous) @ map.js:6
(anonymous) @ lift.js:10
(anonymous) @ Observable.js:27
errorContext @ errorContext.js:19
Observable2.subscribe @ Observable.js:23
login @ login.component.ts:56
LoginComponent_Template_form_ngSubmit_13_listener @ login.component.html:14
executeListenerWithErrorHandling @ debug_node.mjs:12956
wrapListenerIn_markDirtyAndPreventDefault @ debug_node.mjs:12939
ConsumerObserver2.next @ Subscriber.js:96
Subscriber2._next @ Subscriber.js:63
Subscriber2.next @ Subscriber.js:34
(anonymous) @ Subject.js:41
errorContext @ errorContext.js:19
Subject2.next @ Subject.js:31
emit @ debug_node.mjs:16176
onSubmit @ forms.mjs:3877
NgForm_submit_HostBindingHandler @ forms.mjs:3919
executeListenerWithErrorHandling @ debug_node.mjs:12956
wrapListenerIn_markDirtyAndPreventDefault @ debug_node.mjs:12939
(anonymous) @ dom_renderer.mjs:707
invokeTask @ zone.js:431
(anonymous) @ debug_node.mjs:16306
onInvokeTask @ debug_node.mjs:16306
invokeTask @ zone.js:430
onInvokeTask @ debug_node.mjs:16629
invokeTask @ zone.js:430
runTask @ zone.js:161
invokeTask @ zone.js:515
invokeTask @ zone.js:1141
globalCallback @ zone.js:1172
globalZoneAwareCallback @ zone.js:1205
Zone - HTMLFormElement.addEventListener:submit (async)
onScheduleTask @ debug_node.mjs:16300
scheduleTask @ zone.js:411
onScheduleTask @ zone.js:273
scheduleTask @ zone.js:411
scheduleTask @ zone.js:207
scheduleEventTask @ zone.js:233
(anonymous) @ zone.js:1498
addEventListener @ browser.mjs:164
addEventListener @ dom_renderer.mjs:49
listen @ dom_renderer.mjs:689
listen @ browser.mjs:3879
listenToDomEvent @ debug_node.mjs:13023
listenerInternal @ debug_node.mjs:24659
ɵɵlistener @ debug_node.mjs:24597
NgForm_HostBindings @ forms.mjs:3918
invokeHostBindingsInCreationMode @ debug_node.mjs:8194
invokeDirectivesHostBindings @ debug_node.mjs:8177
createDirectivesInstances @ debug_node.mjs:7929
ɵɵelementStart @ debug_node.mjs:22401
LoginComponent_Template @ login.component.html:14
executeTemplate @ debug_node.mjs:7913
renderView @ debug_node.mjs:8529
renderComponent @ debug_node.mjs:8474
renderChildComponents @ debug_node.mjs:8577
renderView @ debug_node.mjs:8557
create @ debug_node.mjs:13457
createComponent @ debug_node.mjs:13831
activateWith @ router2.mjs:2783
activateRoutes @ router2.mjs:3263
(anonymous) @ router2.mjs:3219
activateChildRoutes @ router2.mjs:3218
activateRoutes @ router2.mjs:3238
(anonymous) @ router2.mjs:3219
activateChildRoutes @ router2.mjs:3218
activate @ router2.mjs:3129
(anonymous) @ router2.mjs:3108
(anonymous) @ map.js:7
OperatorSubscriber2._this._next @ OperatorSubscriber.js:15
Subscriber2.next @ Subscriber.js:34
(anonymous) @ tap.js:18
OperatorSubscriber2._this._next @ OperatorSubscriber.js:15
Subscriber2.next @ Subscriber.js:34
(anonymous) @ map.js:7
OperatorSubscriber2._this._next @ OperatorSubscriber.js:15
Subscriber2.next @ Subscriber.js:34
(anonymous) @ switchMap.js:14
OperatorSubscriber2._this._next @ OperatorSubscriber.js:15
Subscriber2.next @ Subscriber.js:34
(anonymous) @ innerFrom.js:51
Observable2._trySubscribe @ Observable.js:38
(anonymous) @ Observable.js:32
errorContext @ errorContext.js:19
Observable2.subscribe @ Observable.js:23
(anonymous) @ switchMap.js:14
OperatorSubscriber2._this._next @ OperatorSubscriber.js:15
Subscriber2.next @ Subscriber.js:34
(anonymous) @ switchMap.js:14
OperatorSubscriber2._this._next @ OperatorSubscriber.js:15
Subscriber2.next @ Subscriber.js:34
(anonymous) @ map.js:7
OperatorSubscriber2._this._next @ OperatorSubscriber.js:15
Subscriber2.next @ Subscriber.js:34
(anonymous) @ innerFrom.js:51
Observable2._trySubscribe @ Observable.js:38
(anonymous) @ Observable.js:32
errorContext @ errorContext.js:19
Observable2.subscribe @ Observable.js:23
(anonymous) @ map.js:6
(anonymous) @ lift.js:10
(anonymous) @ Observable.js:27
errorContext @ errorContext.js:19
Observable2.subscribe @ Observable.js:23
(anonymous) @ switchMap.js:14
OperatorSubscriber2._this._next @ OperatorSubscriber.js:15
Subscriber2.next @ Subscriber.js:34
(anonymous) @ switchMap.js:14
OperatorSubscriber2._this._next @ OperatorSubscriber.js:15
Subscriber2.next @ Subscriber.js:34
(anonymous) @ map.js:7
OperatorSubscriber2._this._next @ OperatorSubscriber.js:15
Subscriber2.next @ Subscriber.js:34
(anonymous) @ take.js:12
OperatorSubscriber2._this._next @ OperatorSubscriber.js:15
Subscriber2.next @ Subscriber.js:34
(anonymous) @ defaultIfEmpty.js:11
OperatorSubscriber2._this._complete @ OperatorSubscriber.js:38
Subscriber2.complete @ Subscriber.js:52
(anonymous) @ innerFrom.js:53
Observable2._trySubscribe @ Observable.js:38
(anonymous) @ Observable.js:32
errorContext @ errorContext.js:19
Observable2.subscribe @ Observable.js:23
(anonymous) @ defaultIfEmpty.js:6
(anonymous) @ lift.js:10
(anonymous) @ Observable.js:27
errorContext @ errorContext.js:19
Observable2.subscribe @ Observable.js:23
(anonymous) @ take.js:10
(anonymous) @ lift.js:10
(anonymous) @ Observable.js:27
errorContext @ errorContext.js:19
Observable2.subscribe @ Observable.js:23
(anonymous) @ map.js:6
(anonymous) @ lift.js:10
(anonymous) @ Observable.js:27
errorContext @ errorContext.js:19
Observable2.subscribe @ Observable.js:23
(anonymous) @ switchMap.js:14
OperatorSubscriber2._this._next @ OperatorSubscriber.js:15
Subscriber2.next @ Subscriber.js:34
(anonymous) @ switchMap.js:14
OperatorSubscriber2._this._next @ OperatorSubscriber.js:15
Subscriber2.next @ Subscriber.js:34
(anonymous) @ map.js:7
OperatorSubscriber2._this._next @ OperatorSubscriber.js:15
Subscriber2.next @ Subscriber.js:34
(anonymous) @ tap.js:18
OperatorSubscriber2._this._next @ OperatorSubscriber.js:15
Subscriber2.next @ Subscriber.js:34
(anonymous) @ switchMap.js:14
OperatorSubscriber2._this._next @ OperatorSubscriber.js:15
Subscriber2.next @ Subscriber.js:34
(anonymous) @ tap.js:18
OperatorSubscriber2._this._next @ OperatorSubscriber.js:15
Subscriber2.next @ Subscriber.js:34
(anonymous) @ mergeInternals.js:25
OperatorSubscriber2._this._next @ OperatorSubscriber.js:15
Subscriber2.next @ Subscriber.js:34
(anonymous) @ mergeInternals.js:25
OperatorSubscriber2._this._next @ OperatorSubscriber.js:15
Subscriber2.next @ Subscriber.js:34
(anonymous) @ innerFrom.js:51
Observable2._trySubscribe @ Observable.js:38
(anonymous) @ Observable.js:32
errorContext @ errorContext.js:19
Observable2.subscribe @ Observable.js:23
doInnerSub @ mergeInternals.js:19
outerNext @ mergeInternals.js:14
OperatorSubscriber2._this._next @ OperatorSubscriber.js:15
Subscriber2.next @ Subscriber.js:34
(anonymous) @ takeLast.js:18
OperatorSubscriber2._this._complete @ OperatorSubscriber.js:38
Subscriber2.complete @ Subscriber.js:52
(anonymous) @ tap.js:23
OperatorSubscriber2._this._complete @ OperatorSubscriber.js:38
Subscriber2.complete @ Subscriber.js:52
checkComplete @ mergeInternals.js:11
(anonymous) @ mergeInternals.js:55
OperatorSubscriber2._this._complete @ OperatorSubscriber.js:38
Subscriber2.complete @ Subscriber.js:52
(anonymous) @ innerFrom.js:87
Observable2._trySubscribe @ Observable.js:38
(anonymous) @ Observable.js:32
errorContext @ errorContext.js:19
Observable2.subscribe @ Observable.js:23
mergeInternals @ mergeInternals.js:53
(anonymous) @ mergeMap.js:14
(anonymous) @ lift.js:10
(anonymous) @ Observable.js:27
errorContext @ errorContext.js:19
Observable2.subscribe @ Observable.js:23
(anonymous) @ tap.js:15
(anonymous) @ lift.js:10
(anonymous) @ Observable.js:27
errorContext @ errorContext.js:19
Observable2.subscribe @ Observable.js:23
(anonymous) @ takeLast.js:10
(anonymous) @ lift.js:10
(anonymous) @ Observable.js:27
errorContext @ errorContext.js:19
Observable2.subscribe @ Observable.js:23
mergeInternals @ mergeInternals.js:53
(anonymous) @ mergeMap.js:14
(anonymous) @ lift.js:10
(anonymous) @ Observable.js:27
errorContext @ errorContext.js:19
Observable2.subscribe @ Observable.js:23
doInnerSub @ mergeInternals.js:19
outerNext @ mergeInternals.js:14
OperatorSubscriber2._this._next @ OperatorSubscriber.js:15
Subscriber2.next @ Subscriber.js:34
(anonymous) @ innerFrom.js:51
Observable2._trySubscribe @ Observable.js:38
(anonymous) @ Observable.js:32
errorContext @ errorContext.js:19
Observable2.subscribe @ Observable.js:23
mergeInternals @ mergeInternals.js:53
(anonymous) @ mergeMap.js:14
(anonymous) @ lift.js:10
(anonymous) @ Observable.js:27
errorContext @ errorContext.js:19
Observable2.subscribe @ Observable.js:23
(anonymous) @ tap.js:15
(anonymous) @ lift.js:10
(anonymous) @ Observable.js:27
errorContext @ errorContext.js:19
Observable2.subscribe @ Observable.js:23
(anonymous) @ switchMap.js:14
OperatorSubscriber2._this._next @ OperatorSubscriber.js:15
Subscriber2.next @ Subscriber.js:34
Zone - Promise.then (async)
onScheduleTask @ debug_node.mjs:16300
scheduleTask @ zone.js:411
onScheduleTask @ zone.js:273
scheduleTask @ zone.js:411
scheduleTask @ zone.js:207
scheduleMicroTask @ zone.js:227
scheduleResolveOrReject @ zone.js:2527
then @ zone.js:2732
(anonymous) @ innerFrom.js:59
Observable2._trySubscribe @ Observable.js:38
(anonymous) @ Observable.js:32
errorContext @ errorContext.js:19
Observable2.subscribe @ Observable.js:23
(anonymous) @ switchMap.js:14
OperatorSubscriber2._this._next @ OperatorSubscriber.js:15
Subscriber2.next @ Subscriber.js:34
(anonymous) @ innerFrom.js:51
Observable2._trySubscribe @ Observable.js:38
(anonymous) @ Observable.js:32
errorContext @ errorContext.js:19
Observable2.subscribe @ Observable.js:23
(anonymous) @ switchMap.js:10
(anonymous) @ lift.js:10
(anonymous) @ Observable.js:27
errorContext @ errorContext.js:19
Observable2.subscribe @ Observable.js:23
mergeInternals @ mergeInternals.js:53
(anonymous) @ mergeMap.js:14
(anonymous) @ lift.js:10
(anonymous) @ Observable.js:27
errorContext @ errorContext.js:19
Observable2.subscribe @ Observable.js:23
(anonymous) @ tap.js:15
(anonymous) @ lift.js:10
(anonymous) @ Observable.js:27
errorContext @ errorContext.js:19
Observable2.subscribe @ Observable.js:23
(anonymous) @ switchMap.js:14
OperatorSubscriber2._this._next @ OperatorSubscriber.js:15
Subscriber2.next @ Subscriber.js:34
(anonymous) @ innerFrom.js:51
Observable2._trySubscribe @ Observable.js:38
(anonymous) @ Observable.js:32
errorContext @ errorContext.js:19
Observable2.subscribe @ Observable.js:23
(anonymous) @ switchMap.js:10
(anonymous) @ lift.js:10
(anonymous) @ Observable.js:27
errorContext @ errorContext.js:19
Observable2.subscribe @ Observable.js:23
(anonymous) @ tap.js:15
(anonymous) @ lift.js:10
(anonymous) @ Observable.js:27
errorContext @ errorContext.js:19
Observable2.subscribe @ Observable.js:23
(anonymous) @ map.js:6
(anonymous) @ lift.js:10
(anonymous) @ Observable.js:27
errorContext @ errorContext.js:19
Observable2.subscribe @ Observable.js:23
mergeInternals @ mergeInternals.js:53
(anonymous) @ mergeMap.js:14
(anonymous) @ lift.js:10
(anonymous) @ Observable.js:27
errorContext @ errorContext.js:19
Observable2.subscribe @ Observable.js:23
(anonymous) @ tap.js:15
(anonymous) @ lift.js:10
(anonymous) @ Observable.js:27
errorContext @ errorContext.js:19
Observable2.subscribe @ Observable.js:23
(anonymous) @ filter.js:6
(anonymous) @ lift.js:10
(anonymous) @ Observable.js:27
errorContext @ errorContext.js:19
Observable2.subscribe @ Observable.js:23
(anonymous) @ switchMap.js:10
(anonymous) @ lift.js:10
(anonymous) @ Observable.js:27
errorContext @ errorContext.js:19
Observable2.subscribe @ Observable.js:23
(anonymous) @ switchMap.js:10
(anonymous) @ lift.js:10
(anonymous) @ Observable.js:27
errorContext @ errorContext.js:19
Observable2.subscribe @ Observable.js:23
(anonymous) @ switchMap.js:10
(anonymous) @ lift.js:10
(anonymous) @ Observable.js:27
errorContext @ errorContext.js:19
Observable2.subscribe @ Observable.js:23
(anonymous) @ switchMap.js:10
(anonymous) @ lift.js:10
(anonymous) @ Observable.js:27
errorContext @ errorContext.js:19
Observable2.subscribe @ Observable.js:23
(anonymous) @ map.js:6
(anonymous) @ lift.js:10
(anonymous) @ Observable.js:27
errorContext @ errorContext.js:19
Observable2.subscribe @ Observable.js:23
(anonymous) @ tap.js:15
(anonymous) @ lift.js:10
(anonymous) @ Observable.js:27
errorContext @ errorContext.js:19
Observable2.subscribe @ Observable.js:23
(anonymous) @ map.js:6
(anonymous) @ lift.js:10
(anonymous) @ Observable.js:27
errorContext @ errorContext.js:19
Observable2.subscribe @ Observable.js:23
(anonymous) @ take.js:10
(anonymous) @ lift.js:10
(anonymous) @ Observable.js:27
errorContext @ errorContext.js:19
Observable2.subscribe @ Observable.js:23
(anonymous) @ takeUntil.js:8
(anonymous) @ lift.js:10
(anonymous) @ Observable.js:27
errorContext @ errorContext.js:19
Observable2.subscribe @ Observable.js:23
(anonymous) @ tap.js:15
(anonymous) @ lift.js:10
(anonymous) @ Observable.js:27
errorContext @ errorContext.js:19
Observable2.subscribe @ Observable.js:23
(anonymous) @ takeUntil.js:8
(anonymous) @ lift.js:10
(anonymous) @ Observable.js:27
errorContext @ errorContext.js:19
Observable2.subscribe @ Observable.js:23
(anonymous) @ finalize.js:5
(anonymous) @ lift.js:10
(anonymous) @ Observable.js:27
errorContext @ errorContext.js:19
Observable2.subscribe @ Observable.js:23
(anonymous) @ catchError.js:9
(anonymous) @ lift.js:10
(anonymous) @ Observable.js:27
errorContext @ errorContext.js:19
Observable2.subscribe @ Observable.js:23
(anonymous) @ switchMap.js:14
OperatorSubscriber2._this._next @ OperatorSubscriber.js:15
Subscriber2.next @ Subscriber.js:34
(anonymous) @ filter.js:6
OperatorSubscriber2._this._next @ OperatorSubscriber.js:15
Subscriber2.next @ Subscriber.js:34
(anonymous) @ Subject.js:41
errorContext @ errorContext.js:19
Subject2.next @ Subject.js:31
BehaviorSubject2.next @ BehaviorSubject.js:31
handleNavigationRequest @ router2.mjs:4752
scheduleNavigation @ router2.mjs:6022
navigateByUrl @ router2.mjs:5921
navigate @ router2.mjs:5957
logout @ app.ts:225
AppComponent_ng_template_55_Template_button_click_46_listener @ app.html:185
executeListenerWithErrorHandling @ debug_node.mjs:12956
wrapListenerIn_markDirtyAndPreventDefault @ debug_node.mjs:12939
(anonymous) @ dom_renderer.mjs:707
invokeTask @ zone.js:431
(anonymous) @ debug_node.mjs:16306
onInvokeTask @ debug_node.mjs:16306
invokeTask @ zone.js:430
onInvokeTask @ debug_node.mjs:16629
invokeTask @ zone.js:430
runTask @ zone.js:161
invokeTask @ zone.js:515
invokeTask @ zone.js:1141
globalCallback @ zone.js:1172
globalZoneAwareCallback @ zone.js:1205
Zone - HTMLButtonElement.addEventListener:click (async)
onScheduleTask @ debug_node.mjs:16300
scheduleTask @ zone.js:411
onScheduleTask @ zone.js:273
scheduleTask @ zone.js:411
scheduleTask @ zone.js:207
scheduleEventTask @ zone.js:233
(anonymous) @ zone.js:1498
addEventListener @ browser.mjs:164
addEventListener @ dom_renderer.mjs:49
listen @ dom_renderer.mjs:689
listen @ browser.mjs:3879
listenToDomEvent @ debug_node.mjs:13023
listenerInternal @ debug_node.mjs:24659
ɵɵlistener @ debug_node.mjs:24597
AppComponent_ng_template_55_Template @ app.html:185
executeTemplate @ debug_node.mjs:7913
renderView @ debug_node.mjs:8529
createAndRenderEmbeddedLView @ debug_node.mjs:8599
createEmbeddedViewImpl @ debug_node.mjs:9832
createEmbeddedView @ debug_node.mjs:13755
_updateView @ common_module.mjs:3073
set ngIfElse @ common_module.mjs:3057
applyValueToInputField @ debug_node.mjs:528
writeToDirectiveInput @ debug_node.mjs:7138
setAllInputsForProperty @ debug_node.mjs:8406
setPropertyAndInputs @ debug_node.mjs:8040
ɵɵproperty @ debug_node.mjs:22361
AppComponent_Template @ app.html:99
executeTemplate @ debug_node.mjs:7913
refreshView @ debug_node.mjs:8943
detectChangesInView @ debug_node.mjs:9163
detectChangesInViewIfAttached @ debug_node.mjs:9123
detectChangesInComponent @ debug_node.mjs:9111
detectChangesInChildComponents @ debug_node.mjs:9189
refreshView @ debug_node.mjs:8998
detectChangesInView @ debug_node.mjs:9163
detectChangesInViewWhileDirty @ debug_node.mjs:8852
detectChangesInternal @ debug_node.mjs:8840
synchronizeOnce @ debug_node.mjs:20285
synchronize @ debug_node.mjs:20244
tickImpl @ debug_node.mjs:20217
_tick @ debug_node.mjs:20206
tick @ debug_node.mjs:20194
_loadComponent @ debug_node.mjs:20364
(anonymous) @ debug_node.mjs:20171
invoke @ zone.js:398
onInvoke @ debug_node.mjs:16642
invoke @ zone.js:397
run @ zone.js:113
run @ debug_node.mjs:16488
bootstrapImpl @ debug_node.mjs:20131
bootstrap @ debug_node.mjs:20127
(anonymous) @ core.mjs:967
invoke @ zone.js:398
onInvoke @ debug_node.mjs:16642
invoke @ zone.js:397
run @ zone.js:113
(anonymous) @ zone.js:2537
invokeTask @ zone.js:431
(anonymous) @ debug_node.mjs:16306
onInvokeTask @ debug_node.mjs:16306
invokeTask @ zone.js:430
onInvokeTask @ debug_node.mjs:16629
invokeTask @ zone.js:430
runTask @ zone.js:161
drainMicroTaskQueue @ zone.js:612
Zone - Promise.then (async)
onScheduleTask @ debug_node.mjs:16300
scheduleTask @ zone.js:411
onScheduleTask @ zone.js:273
scheduleTask @ zone.js:411
scheduleTask @ zone.js:207
scheduleMicroTask @ zone.js:227
scheduleResolveOrReject @ zone.js:2527
then @ zone.js:2732
(anonymous) @ core.mjs:948
_callAndReportToErrorHandler @ core.mjs:1008
(anonymous) @ core.mjs:945
invoke @ zone.js:398
onInvoke @ debug_node.mjs:16642
invoke @ zone.js:397
run @ zone.js:113
run @ debug_node.mjs:16488
bootstrap @ core.mjs:904
internalCreateApplication @ core.mjs:2655
bootstrapApplication @ browser.mjs:430
(anonymous) @ main.ts:5
Show 696 more frames
Show less
login.component.ts:118 ❌ Error loading user info: HttpErrorResponse {headers: _HttpHeaders, status: 0, statusText: 'Unknown Error', url: 'https://localhost:7209/api/Users/me', ok: false, …}
error @ login.component.ts:118
ConsumerObserver2.error @ Subscriber.js:107
Subscriber2._error @ Subscriber.js:67
Subscriber2.error @ Subscriber.js:43
Subscriber2._error @ Subscriber.js:67
Subscriber2.error @ Subscriber.js:43
Subscriber2._error @ Subscriber.js:67
Subscriber2.error @ Subscriber.js:43
Subscriber2._error @ Subscriber.js:67
Subscriber2.error @ Subscriber.js:43
init @ throwError.js:5
Observable2._trySubscribe @ Observable.js:38
(anonymous) @ Observable.js:32
errorContext @ errorContext.js:19
Observable2.subscribe @ Observable.js:23
(anonymous) @ catchError.js:14
OperatorSubscriber2._this._error @ OperatorSubscriber.js:25
Subscriber2.error @ Subscriber.js:43
(anonymous) @ module.mjs:1752
rejected @ chunk-WDMUDEB6.js:43
invoke @ zone.js:398
onInvoke @ debug_node.mjs:16642
invoke @ zone.js:397
run @ zone.js:113
(anonymous) @ zone.js:2537
invokeTask @ zone.js:431
(anonymous) @ debug_node.mjs:16306
onInvokeTask @ debug_node.mjs:16306
invokeTask @ zone.js:430
onInvokeTask @ debug_node.mjs:16629
invokeTask @ zone.js:430
runTask @ zone.js:161
drainMicroTaskQueue @ zone.js:612
Zone - Promise.then (async)
onScheduleTask @ debug_node.mjs:16300
scheduleTask @ zone.js:411
onScheduleTask @ zone.js:273
scheduleTask @ zone.js:411
scheduleTask @ zone.js:207
scheduleMicroTask @ zone.js:227
scheduleResolveOrReject @ zone.js:2527
resolvePromise @ zone.js:2461
(anonymous) @ zone.js:2369
(anonymous) @ zone.js:2385
invoke @ zone.js:398
onInvoke @ debug_node.mjs:16642
invoke @ zone.js:397
run @ zone.js:113
(anonymous) @ zone.js:2537
invokeTask @ zone.js:431
(anonymous) @ debug_node.mjs:16306
onInvokeTask @ debug_node.mjs:16306
invokeTask @ zone.js:430
onInvokeTask @ debug_node.mjs:16629
invokeTask @ zone.js:430
runTask @ zone.js:161
drainMicroTaskQueue @ zone.js:612
Zone - Promise.then (async)
onScheduleTask @ debug_node.mjs:16300
scheduleTask @ zone.js:411
onScheduleTask @ zone.js:273
scheduleTask @ zone.js:411
scheduleTask @ zone.js:207
scheduleMicroTask @ zone.js:227
scheduleResolveOrReject @ zone.js:2527
resolvePromise @ zone.js:2461
(anonymous) @ zone.js:2369
(anonymous) @ zone.js:2385
Promise.then (async)
(anonymous) @ zone.js:2779
ZoneAwarePromise @ zone.js:2701
Ctor.then @ zone.js:2778
resolvePromise @ zone.js:2422
resolve @ zone.js:2559
step @ chunk-WDMUDEB6.js:48
(anonymous) @ chunk-WDMUDEB6.js:49
ZoneAwarePromise @ zone.js:2701
__async @ chunk-WDMUDEB6.js:33
doRequest @ module.mjs:1731
(anonymous) @ module.mjs:1710
Observable2._trySubscribe @ Observable.js:38
(anonymous) @ Observable.js:32
errorContext @ errorContext.js:19
Observable2.subscribe @ Observable.js:23
(anonymous) @ catchError.js:9
(anonymous) @ lift.js:10
(anonymous) @ Observable.js:27
errorContext @ errorContext.js:19
Observable2.subscribe @ Observable.js:23
(anonymous) @ finalize.js:5
(anonymous) @ lift.js:10
(anonymous) @ Observable.js:27
errorContext @ errorContext.js:19
Observable2.subscribe @ Observable.js:23
doInnerSub @ mergeInternals.js:19
outerNext @ mergeInternals.js:14
OperatorSubscriber2._this._next @ OperatorSubscriber.js:15
Subscriber2.next @ Subscriber.js:34
(anonymous) @ innerFrom.js:51
Observable2._trySubscribe @ Observable.js:38
(anonymous) @ Observable.js:32
errorContext @ errorContext.js:19
Observable2.subscribe @ Observable.js:23
mergeInternals @ mergeInternals.js:53
(anonymous) @ mergeMap.js:14
(anonymous) @ lift.js:10
(anonymous) @ Observable.js:27
errorContext @ errorContext.js:19
Observable2.subscribe @ Observable.js:23
(anonymous) @ filter.js:6
(anonymous) @ lift.js:10
(anonymous) @ Observable.js:27
errorContext @ errorContext.js:19
Observable2.subscribe @ Observable.js:23
(anonymous) @ map.js:6
(anonymous) @ lift.js:10
(anonymous) @ Observable.js:27
errorContext @ errorContext.js:19
Observable2.subscribe @ Observable.js:23
loadUserInfo @ login.component.ts:110
next @ login.component.ts:71
ConsumerObserver2.next @ Subscriber.js:96
Subscriber2._next @ Subscriber.js:63
Subscriber2.next @ Subscriber.js:34
(anonymous) @ map.js:7
OperatorSubscriber2._this._next @ OperatorSubscriber.js:15
Subscriber2.next @ Subscriber.js:34
(anonymous) @ filter.js:6
OperatorSubscriber2._this._next @ OperatorSubscriber.js:15
Subscriber2.next @ Subscriber.js:34
(anonymous) @ mergeInternals.js:25
OperatorSubscriber2._this._next @ OperatorSubscriber.js:15
Subscriber2.next @ Subscriber.js:34
(anonymous) @ module.mjs:1862
fulfilled @ chunk-WDMUDEB6.js:36
invoke @ zone.js:398
onInvoke @ debug_node.mjs:16642
invoke @ zone.js:397
run @ zone.js:113
(anonymous) @ zone.js:2537
invokeTask @ zone.js:431
(anonymous) @ debug_node.mjs:16306
onInvokeTask @ debug_node.mjs:16306
invokeTask @ zone.js:430
onInvokeTask @ debug_node.mjs:16629
invokeTask @ zone.js:430
runTask @ zone.js:161
drainMicroTaskQueue @ zone.js:612
Zone - Promise.then (async)
onScheduleTask @ debug_node.mjs:16300
scheduleTask @ zone.js:411
onScheduleTask @ zone.js:273
scheduleTask @ zone.js:411
scheduleTask @ zone.js:207
scheduleMicroTask @ zone.js:227
scheduleResolveOrReject @ zone.js:2527
resolvePromise @ zone.js:2461
(anonymous) @ zone.js:2369
(anonymous) @ zone.js:2385
step @ chunk-WDMUDEB6.js:48
fulfilled @ chunk-WDMUDEB6.js:36
invoke @ zone.js:398
run @ zone.js:113
(anonymous) @ zone.js:2537
invokeTask @ zone.js:431
runTask @ zone.js:161
drainMicroTaskQueue @ zone.js:612
Promise.then (async)
nativeScheduleMicroTask @ zone.js:588
scheduleMicroTask @ zone.js:599
scheduleTask @ zone.js:420
scheduleTask @ zone.js:207
scheduleMicroTask @ zone.js:227
scheduleResolveOrReject @ zone.js:2527
resolvePromise @ zone.js:2461
(anonymous) @ zone.js:2369
(anonymous) @ zone.js:2385
Promise.then (async)
(anonymous) @ zone.js:2779
ZoneAwarePromise @ zone.js:2701
Ctor.then @ zone.js:2778
resolvePromise @ zone.js:2422
resolve @ zone.js:2559
step @ chunk-WDMUDEB6.js:48
fulfilled @ chunk-WDMUDEB6.js:36
invoke @ zone.js:398
run @ zone.js:113
(anonymous) @ zone.js:2537
invokeTask @ zone.js:431
runTask @ zone.js:161
drainMicroTaskQueue @ zone.js:612
Promise.then (async)
nativeScheduleMicroTask @ zone.js:588
scheduleMicroTask @ zone.js:599
scheduleTask @ zone.js:420
scheduleTask @ zone.js:207
scheduleMicroTask @ zone.js:227
scheduleResolveOrReject @ zone.js:2527
resolvePromise @ zone.js:2461
(anonymous) @ zone.js:2369
(anonymous) @ zone.js:2385
Promise.then (async)
(anonymous) @ zone.js:2779
ZoneAwarePromise @ zone.js:2701
Ctor.then @ zone.js:2778
resolvePromise @ zone.js:2422
resolve @ zone.js:2559
step @ chunk-WDMUDEB6.js:48
(anonymous) @ chunk-WDMUDEB6.js:49
ZoneAwarePromise @ zone.js:2701
__async @ chunk-WDMUDEB6.js:33
(anonymous) @ module.mjs:1789
invoke @ zone.js:398
run @ zone.js:113
runOutsideAngular @ debug_node.mjs:16533
(anonymous) @ module.mjs:1789
fulfilled @ chunk-WDMUDEB6.js:36
invoke @ zone.js:398
onInvoke @ debug_node.mjs:16642
invoke @ zone.js:397
run @ zone.js:113
(anonymous) @ zone.js:2537
invokeTask @ zone.js:431
(anonymous) @ debug_node.mjs:16306
onInvokeTask @ debug_node.mjs:16306
invokeTask @ zone.js:430
onInvokeTask @ debug_node.mjs:16629
invokeTask @ zone.js:430
runTask @ zone.js:161
drainMicroTaskQueue @ zone.js:612
Zone - Promise.then (async)
onScheduleTask @ debug_node.mjs:16300
scheduleTask @ zone.js:411
onScheduleTask @ zone.js:273
scheduleTask @ zone.js:411
scheduleTask @ zone.js:207
scheduleMicroTask @ zone.js:227
scheduleResolveOrReject @ zone.js:2527
resolvePromise @ zone.js:2461
(anonymous) @ zone.js:2369
(anonymous) @ zone.js:2385
invoke @ zone.js:398
onInvoke @ debug_node.mjs:16642
invoke @ zone.js:397
run @ zone.js:113
(anonymous) @ zone.js:2537
invokeTask @ zone.js:431
(anonymous) @ debug_node.mjs:16306
onInvokeTask @ debug_node.mjs:16306
invokeTask @ zone.js:430
onInvokeTask @ debug_node.mjs:16629
invokeTask @ zone.js:430
runTask @ zone.js:161
drainMicroTaskQueue @ zone.js:612
Zone - Promise.then (async)
onScheduleTask @ debug_node.mjs:16300
scheduleTask @ zone.js:411
onScheduleTask @ zone.js:273
scheduleTask @ zone.js:411
scheduleTask @ zone.js:207
scheduleMicroTask @ zone.js:227
scheduleResolveOrReject @ zone.js:2527
resolvePromise @ zone.js:2461
(anonymous) @ zone.js:2369
(anonymous) @ zone.js:2385
Promise.then (async)
(anonymous) @ zone.js:2779
ZoneAwarePromise @ zone.js:2701
Ctor.then @ zone.js:2778
resolvePromise @ zone.js:2422
resolve @ zone.js:2559
step @ chunk-WDMUDEB6.js:48
(anonymous) @ chunk-WDMUDEB6.js:49
ZoneAwarePromise @ zone.js:2701
__async @ chunk-WDMUDEB6.js:33
doRequest @ module.mjs:1731
(anonymous) @ module.mjs:1710
Observable2._trySubscribe @ Observable.js:38
(anonymous) @ Observable.js:32
errorContext @ errorContext.js:19
Observable2.subscribe @ Observable.js:23
(anonymous) @ finalize.js:5
(anonymous) @ lift.js:10
(anonymous) @ Observable.js:27
errorContext @ errorContext.js:19
Observable2.subscribe @ Observable.js:23
doInnerSub @ mergeInternals.js:19
outerNext @ mergeInternals.js:14
OperatorSubscriber2._this._next @ OperatorSubscriber.js:15
Subscriber2.next @ Subscriber.js:34
(anonymous) @ innerFrom.js:51
Observable2._trySubscribe @ Observable.js:38
(anonymous) @ Observable.js:32
errorContext @ errorContext.js:19
Observable2.subscribe @ Observable.js:23
mergeInternals @ mergeInternals.js:53
(anonymous) @ mergeMap.js:14
(anonymous) @ lift.js:10
(anonymous) @ Observable.js:27
errorContext @ errorContext.js:19
Observable2.subscribe @ Observable.js:23
(anonymous) @ filter.js:6
(anonymous) @ lift.js:10
(anonymous) @ Observable.js:27
errorContext @ errorContext.js:19
Observable2.subscribe @ Observable.js:23
(anonymous) @ map.js:6
(anonymous) @ lift.js:10
(anonymous) @ Observable.js:27
errorContext @ errorContext.js:19
Observable2.subscribe @ Observable.js:23
login @ login.component.ts:56
LoginComponent_Template_form_ngSubmit_13_listener @ login.component.html:14
executeListenerWithErrorHandling @ debug_node.mjs:12956
wrapListenerIn_markDirtyAndPreventDefault @ debug_node.mjs:12939
ConsumerObserver2.next @ Subscriber.js:96
Subscriber2._next @ Subscriber.js:63
Subscriber2.next @ Subscriber.js:34
(anonymous) @ Subject.js:41
errorContext @ errorContext.js:19
Subject2.next @ Subject.js:31
emit @ debug_node.mjs:16176
onSubmit @ forms.mjs:3877
NgForm_submit_HostBindingHandler @ forms.mjs:3919
executeListenerWithErrorHandling @ debug_node.mjs:12956
wrapListenerIn_markDirtyAndPreventDefault @ debug_node.mjs:12939
(anonymous) @ dom_renderer.mjs:707
invokeTask @ zone.js:431
(anonymous) @ debug_node.mjs:16306
onInvokeTask @ debug_node.mjs:16306
invokeTask @ zone.js:430
onInvokeTask @ debug_node.mjs:16629
invokeTask @ zone.js:430
runTask @ zone.js:161
invokeTask @ zone.js:515
invokeTask @ zone.js:1141
globalCallback @ zone.js:1172
globalZoneAwareCallback @ zone.js:1205
Zone - HTMLFormElement.addEventListener:submit (async)
onScheduleTask @ debug_node.mjs:16300
scheduleTask @ zone.js:411
onScheduleTask @ zone.js:273
scheduleTask @ zone.js:411
scheduleTask @ zone.js:207
scheduleEventTask @ zone.js:233
(anonymous) @ zone.js:1498
addEventListener @ browser.mjs:164
addEventListener @ dom_renderer.mjs:49
listen @ dom_renderer.mjs:689
listen @ browser.mjs:3879
listenToDomEvent @ debug_node.mjs:13023
listenerInternal @ debug_node.mjs:24659
ɵɵlistener @ debug_node.mjs:24597
NgForm_HostBindings @ forms.mjs:3918
invokeHostBindingsInCreationMode @ debug_node.mjs:8194
invokeDirectivesHostBindings @ debug_node.mjs:8177
createDirectivesInstances @ debug_node.mjs:7929
ɵɵelementStart @ debug_node.mjs:22401
LoginComponent_Template @ login.component.html:14
executeTemplate @ debug_node.mjs:7913
renderView @ debug_node.mjs:8529
renderComponent @ debug_node.mjs:8474
renderChildComponents @ debug_node.mjs:8577
renderView @ debug_node.mjs:8557
create @ debug_node.mjs:13457
createComponent @ debug_node.mjs:13831
activateWith @ router2.mjs:2783
activateRoutes @ router2.mjs:3263
(anonymous) @ router2.mjs:3219
activateChildRoutes @ router2.mjs:3218
activateRoutes @ router2.mjs:3238
(anonymous) @ router2.mjs:3219
activateChildRoutes @ router2.mjs:3218
activate @ router2.mjs:3129
(anonymous) @ router2.mjs:3108
(anonymous) @ map.js:7
OperatorSubscriber2._this._next @ OperatorSubscriber.js:15
Subscriber2.next @ Subscriber.js:34
(anonymous) @ tap.js:18
OperatorSubscriber2._this._next @ OperatorSubscriber.js:15
Subscriber2.next @ Subscriber.js:34
(anonymous) @ map.js:7
OperatorSubscriber2._this._next @ OperatorSubscriber.js:15
Subscriber2.next @ Subscriber.js:34
(anonymous) @ switchMap.js:14
OperatorSubscriber2._this._next @ OperatorSubscriber.js:15
Subscriber2.next @ Subscriber.js:34
(anonymous) @ innerFrom.js:51
Observable2._trySubscribe @ Observable.js:38
(anonymous) @ Observable.js:32
errorContext @ errorContext.js:19
Observable2.subscribe @ Observable.js:23
(anonymous) @ switchMap.js:14
OperatorSubscriber2._this._next @ OperatorSubscriber.js:15
Subscriber2.next @ Subscriber.js:34
(anonymous) @ switchMap.js:14
OperatorSubscriber2._this._next @ OperatorSubscriber.js:15
Subscriber2.next @ Subscriber.js:34
(anonymous) @ map.js:7
OperatorSubscriber2._this._next @ OperatorSubscriber.js:15
Subscriber2.next @ Subscriber.js:34
(anonymous) @ innerFrom.js:51
Observable2._trySubscribe @ Observable.js:38
(anonymous) @ Observable.js:32
errorContext @ errorContext.js:19
Observable2.subscribe @ Observable.js:23
(anonymous) @ map.js:6
(anonymous) @ lift.js:10
(anonymous) @ Observable.js:27
errorContext @ errorContext.js:19
Observable2.subscribe @ Observable.js:23
(anonymous) @ switchMap.js:14
OperatorSubscriber2._this._next @ OperatorSubscriber.js:15
Subscriber2.next @ Subscriber.js:34
(anonymous) @ switchMap.js:14
OperatorSubscriber2._this._next @ OperatorSubscriber.js:15
Subscriber2.next @ Subscriber.js:34
(anonymous) @ map.js:7
OperatorSubscriber2._this._next @ OperatorSubscriber.js:15
Subscriber2.next @ Subscriber.js:34
(anonymous) @ take.js:12
OperatorSubscriber2._this._next @ OperatorSubscriber.js:15
Subscriber2.next @ Subscriber.js:34
(anonymous) @ defaultIfEmpty.js:11
OperatorSubscriber2._this._complete @ OperatorSubscriber.js:38
Subscriber2.complete @ Subscriber.js:52
(anonymous) @ innerFrom.js:53
Observable2._trySubscribe @ Observable.js:38
(anonymous) @ Observable.js:32
errorContext @ errorContext.js:19
Observable2.subscribe @ Observable.js:23
(anonymous) @ defaultIfEmpty.js:6
(anonymous) @ lift.js:10
(anonymous) @ Observable.js:27
errorContext @ errorContext.js:19
Observable2.subscribe @ Observable.js:23
(anonymous) @ take.js:10
(anonymous) @ lift.js:10
(anonymous) @ Observable.js:27
errorContext @ errorContext.js:19
Observable2.subscribe @ Observable.js:23
(anonymous) @ map.js:6
(anonymous) @ lift.js:10
(anonymous) @ Observable.js:27
errorContext @ errorContext.js:19
Observable2.subscribe @ Observable.js:23
(anonymous) @ switchMap.js:14
OperatorSubscriber2._this._next @ OperatorSubscriber.js:15
Subscriber2.next @ Subscriber.js:34
(anonymous) @ switchMap.js:14
OperatorSubscriber2._this._next @ OperatorSubscriber.js:15
Subscriber2.next @ Subscriber.js:34
(anonymous) @ map.js:7
OperatorSubscriber2._this._next @ OperatorSubscriber.js:15
Subscriber2.next @ Subscriber.js:34
(anonymous) @ tap.js:18
OperatorSubscriber2._this._next @ OperatorSubscriber.js:15
Subscriber2.next @ Subscriber.js:34
(anonymous) @ switchMap.js:14
OperatorSubscriber2._this._next @ OperatorSubscriber.js:15
Subscriber2.next @ Subscriber.js:34
(anonymous) @ tap.js:18
OperatorSubscriber2._this._next @ OperatorSubscriber.js:15
Subscriber2.next @ Subscriber.js:34
(anonymous) @ mergeInternals.js:25
OperatorSubscriber2._this._next @ OperatorSubscriber.js:15
Subscriber2.next @ Subscriber.js:34
(anonymous) @ mergeInternals.js:25
OperatorSubscriber2._this._next @ OperatorSubscriber.js:15
Subscriber2.next @ Subscriber.js:34
(anonymous) @ innerFrom.js:51
Observable2._trySubscribe @ Observable.js:38
(anonymous) @ Observable.js:32
errorContext @ errorContext.js:19
Observable2.subscribe @ Observable.js:23
doInnerSub @ mergeInternals.js:19
outerNext @ mergeInternals.js:14
OperatorSubscriber2._this._next @ OperatorSubscriber.js:15
Subscriber2.next @ Subscriber.js:34
(anonymous) @ takeLast.js:18
OperatorSubscriber2._this._complete @ OperatorSubscriber.js:38
Subscriber2.complete @ Subscriber.js:52
(anonymous) @ tap.js:23
OperatorSubscriber2._this._complete @ OperatorSubscriber.js:38
Subscriber2.complete @ Subscriber.js:52
checkComplete @ mergeInternals.js:11
(anonymous) @ mergeInternals.js:55
OperatorSubscriber2._this._complete @ OperatorSubscriber.js:38
Subscriber2.complete @ Subscriber.js:52
(anonymous) @ innerFrom.js:87
Observable2._trySubscribe @ Observable.js:38
(anonymous) @ Observable.js:32
errorContext @ errorContext.js:19
Observable2.subscribe @ Observable.js:23
mergeInternals @ mergeInternals.js:53
(anonymous) @ mergeMap.js:14
(anonymous) @ lift.js:10
(anonymous) @ Observable.js:27
errorContext @ errorContext.js:19
Observable2.subscribe @ Observable.js:23
(anonymous) @ tap.js:15
(anonymous) @ lift.js:10
(anonymous) @ Observable.js:27
errorContext @ errorContext.js:19
Observable2.subscribe @ Observable.js:23
(anonymous) @ takeLast.js:10
(anonymous) @ lift.js:10
(anonymous) @ Observable.js:27
errorContext @ errorContext.js:19
Observable2.subscribe @ Observable.js:23
mergeInternals @ mergeInternals.js:53
(anonymous) @ mergeMap.js:14
(anonymous) @ lift.js:10
(anonymous) @ Observable.js:27
errorContext @ errorContext.js:19
Observable2.subscribe @ Observable.js:23
doInnerSub @ mergeInternals.js:19
outerNext @ mergeInternals.js:14
OperatorSubscriber2._this._next @ OperatorSubscriber.js:15
Subscriber2.next @ Subscriber.js:34
(anonymous) @ innerFrom.js:51
Observable2._trySubscribe @ Observable.js:38
(anonymous) @ Observable.js:32
errorContext @ errorContext.js:19
Observable2.subscribe @ Observable.js:23
mergeInternals @ mergeInternals.js:53
(anonymous) @ mergeMap.js:14
(anonymous) @ lift.js:10
(anonymous) @ Observable.js:27
errorContext @ errorContext.js:19
Observable2.subscribe @ Observable.js:23
(anonymous) @ tap.js:15
(anonymous) @ lift.js:10
(anonymous) @ Observable.js:27
errorContext @ errorContext.js:19
Observable2.subscribe @ Observable.js:23
(anonymous) @ switchMap.js:14
OperatorSubscriber2._this._next @ OperatorSubscriber.js:15
Subscriber2.next @ Subscriber.js:34
Zone - Promise.then (async)
onScheduleTask @ debug_node.mjs:16300
scheduleTask @ zone.js:411
onScheduleTask @ zone.js:273
scheduleTask @ zone.js:411
scheduleTask @ zone.js:207
scheduleMicroTask @ zone.js:227
scheduleResolveOrReject @ zone.js:2527
then @ zone.js:2732
(anonymous) @ innerFrom.js:59
Observable2._trySubscribe @ Observable.js:38
(anonymous) @ Observable.js:32
errorContext @ errorContext.js:19
Observable2.subscribe @ Observable.js:23
(anonymous) @ switchMap.js:14
OperatorSubscriber2._this._next @ OperatorSubscriber.js:15
Subscriber2.next @ Subscriber.js:34
(anonymous) @ innerFrom.js:51
Observable2._trySubscribe @ Observable.js:38
(anonymous) @ Observable.js:32
errorContext @ errorContext.js:19
Observable2.subscribe @ Observable.js:23
(anonymous) @ switchMap.js:10
(anonymous) @ lift.js:10
(anonymous) @ Observable.js:27
errorContext @ errorContext.js:19
Observable2.subscribe @ Observable.js:23
mergeInternals @ mergeInternals.js:53
(anonymous) @ mergeMap.js:14
(anonymous) @ lift.js:10
(anonymous) @ Observable.js:27
errorContext @ errorContext.js:19
Observable2.subscribe @ Observable.js:23
(anonymous) @ tap.js:15
(anonymous) @ lift.js:10
(anonymous) @ Observable.js:27
errorContext @ errorContext.js:19
Observable2.subscribe @ Observable.js:23
(anonymous) @ switchMap.js:14
OperatorSubscriber2._this._next @ OperatorSubscriber.js:15
Subscriber2.next @ Subscriber.js:34
(anonymous) @ innerFrom.js:51
Observable2._trySubscribe @ Observable.js:38
(anonymous) @ Observable.js:32
errorContext @ errorContext.js:19
Observable2.subscribe @ Observable.js:23
(anonymous) @ switchMap.js:10
(anonymous) @ lift.js:10
(anonymous) @ Observable.js:27
errorContext @ errorContext.js:19
Observable2.subscribe @ Observable.js:23
(anonymous) @ tap.js:15
(anonymous) @ lift.js:10
(anonymous) @ Observable.js:27
errorContext @ errorContext.js:19
Observable2.subscribe @ Observable.js:23
(anonymous) @ map.js:6
(anonymous) @ lift.js:10
(anonymous) @ Observable.js:27
errorContext @ errorContext.js:19
Observable2.subscribe @ Observable.js:23
mergeInternals @ mergeInternals.js:53
(anonymous) @ mergeMap.js:14
(anonymous) @ lift.js:10
(anonymous) @ Observable.js:27
errorContext @ errorContext.js:19
Observable2.subscribe @ Observable.js:23
(anonymous) @ tap.js:15
(anonymous) @ lift.js:10
(anonymous) @ Observable.js:27
errorContext @ errorContext.js:19
Observable2.subscribe @ Observable.js:23
(anonymous) @ filter.js:6
(anonymous) @ lift.js:10
(anonymous) @ Observable.js:27
errorContext @ errorContext.js:19
Observable2.subscribe @ Observable.js:23
(anonymous) @ switchMap.js:10
(anonymous) @ lift.js:10
(anonymous) @ Observable.js:27
errorContext @ errorContext.js:19
Observable2.subscribe @ Observable.js:23
(anonymous) @ switchMap.js:10
(anonymous) @ lift.js:10
(anonymous) @ Observable.js:27
errorContext @ errorContext.js:19
Observable2.subscribe @ Observable.js:23
(anonymous) @ switchMap.js:10
(anonymous) @ lift.js:10
(anonymous) @ Observable.js:27
errorContext @ errorContext.js:19
Observable2.subscribe @ Observable.js:23
(anonymous) @ switchMap.js:10
(anonymous) @ lift.js:10
(anonymous) @ Observable.js:27
errorContext @ errorContext.js:19
Observable2.subscribe @ Observable.js:23
(anonymous) @ map.js:6
(anonymous) @ lift.js:10
(anonymous) @ Observable.js:27
errorContext @ errorContext.js:19
Observable2.subscribe @ Observable.js:23
(anonymous) @ tap.js:15
(anonymous) @ lift.js:10
(anonymous) @ Observable.js:27
errorContext @ errorContext.js:19
Observable2.subscribe @ Observable.js:23
(anonymous) @ map.js:6
(anonymous) @ lift.js:10
(anonymous) @ Observable.js:27
errorContext @ errorContext.js:19
Observable2.subscribe @ Observable.js:23
(anonymous) @ take.js:10
(anonymous) @ lift.js:10
(anonymous) @ Observable.js:27
errorContext @ errorContext.js:19
Observable2.subscribe @ Observable.js:23
(anonymous) @ takeUntil.js:8
(anonymous) @ lift.js:10
(anonymous) @ Observable.js:27
errorContext @ errorContext.js:19
Observable2.subscribe @ Observable.js:23
(anonymous) @ tap.js:15
(anonymous) @ lift.js:10
(anonymous) @ Observable.js:27
errorContext @ errorContext.js:19
Observable2.subscribe @ Observable.js:23
(anonymous) @ takeUntil.js:8
(anonymous) @ lift.js:10
(anonymous) @ Observable.js:27
errorContext @ errorContext.js:19
Observable2.subscribe @ Observable.js:23
(anonymous) @ finalize.js:5
(anonymous) @ lift.js:10
(anonymous) @ Observable.js:27
errorContext @ errorContext.js:19
Observable2.subscribe @ Observable.js:23
(anonymous) @ catchError.js:9
(anonymous) @ lift.js:10
(anonymous) @ Observable.js:27
errorContext @ errorContext.js:19
Observable2.subscribe @ Observable.js:23
(anonymous) @ switchMap.js:14
OperatorSubscriber2._this._next @ OperatorSubscriber.js:15
Subscriber2.next @ Subscriber.js:34
(anonymous) @ filter.js:6
OperatorSubscriber2._this._next @ OperatorSubscriber.js:15
Subscriber2.next @ Subscriber.js:34
(anonymous) @ Subject.js:41
errorContext @ errorContext.js:19
Subject2.next @ Subject.js:31
BehaviorSubject2.next @ BehaviorSubject.js:31
handleNavigationRequest @ router2.mjs:4752
scheduleNavigation @ router2.mjs:6022
navigateByUrl @ router2.mjs:5921
navigate @ router2.mjs:5957
logout @ app.ts:225
AppComponent_ng_template_55_Template_button_click_46_listener @ app.html:185
executeListenerWithErrorHandling @ debug_node.mjs:12956
wrapListenerIn_markDirtyAndPreventDefault @ debug_node.mjs:12939
(anonymous) @ dom_renderer.mjs:707
invokeTask @ zone.js:431
(anonymous) @ debug_node.mjs:16306
onInvokeTask @ debug_node.mjs:16306
invokeTask @ zone.js:430
onInvokeTask @ debug_node.mjs:16629
invokeTask @ zone.js:430
runTask @ zone.js:161
invokeTask @ zone.js:515
invokeTask @ zone.js:1141
globalCallback @ zone.js:1172
globalZoneAwareCallback @ zone.js:1205
Zone - HTMLButtonElement.addEventListener:click (async)
onScheduleTask @ debug_node.mjs:16300
scheduleTask @ zone.js:411
onScheduleTask @ zone.js:273
scheduleTask @ zone.js:411
scheduleTask @ zone.js:207
scheduleEventTask @ zone.js:233
(anonymous) @ zone.js:1498
addEventListener @ browser.mjs:164
addEventListener @ dom_renderer.mjs:49
listen @ dom_renderer.mjs:689
listen @ browser.mjs:3879
listenToDomEvent @ debug_node.mjs:13023
listenerInternal @ debug_node.mjs:24659
ɵɵlistener @ debug_node.mjs:24597
AppComponent_ng_template_55_Template @ app.html:185
executeTemplate @ debug_node.mjs:7913
renderView @ debug_node.mjs:8529
createAndRenderEmbeddedLView @ debug_node.mjs:8599
createEmbeddedViewImpl @ debug_node.mjs:9832
createEmbeddedView @ debug_node.mjs:13755
_updateView @ common_module.mjs:3073
set ngIfElse @ common_module.mjs:3057
applyValueToInputField @ debug_node.mjs:528
writeToDirectiveInput @ debug_node.mjs:7138
setAllInputsForProperty @ debug_node.mjs:8406
setPropertyAndInputs @ debug_node.mjs:8040
ɵɵproperty @ debug_node.mjs:22361
AppComponent_Template @ app.html:99
executeTemplate @ debug_node.mjs:7913
refreshView @ debug_node.mjs:8943
detectChangesInView @ debug_node.mjs:9163
detectChangesInViewIfAttached @ debug_node.mjs:9123
detectChangesInComponent @ debug_node.mjs:9111
detectChangesInChildComponents @ debug_node.mjs:9189
refreshView @ debug_node.mjs:8998
detectChangesInView @ debug_node.mjs:9163
detectChangesInViewWhileDirty @ debug_node.mjs:8852
detectChangesInternal @ debug_node.mjs:8840
synchronizeOnce @ debug_node.mjs:20285
synchronize @ debug_node.mjs:20244
tickImpl @ debug_node.mjs:20217
_tick @ debug_node.mjs:20206
tick @ debug_node.mjs:20194
_loadComponent @ debug_node.mjs:20364
(anonymous) @ debug_node.mjs:20171
invoke @ zone.js:398
onInvoke @ debug_node.mjs:16642
invoke @ zone.js:397
run @ zone.js:113
run @ debug_node.mjs:16488
bootstrapImpl @ debug_node.mjs:20131
bootstrap @ debug_node.mjs:20127
(anonymous) @ core.mjs:967
invoke @ zone.js:398
onInvoke @ debug_node.mjs:16642
invoke @ zone.js:397
run @ zone.js:113
(anonymous) @ zone.js:2537
invokeTask @ zone.js:431
(anonymous) @ debug_node.mjs:16306
onInvokeTask @ debug_node.mjs:16306
invokeTask @ zone.js:430
onInvokeTask @ debug_node.mjs:16629
invokeTask @ zone.js:430
runTask @ zone.js:161
drainMicroTaskQueue @ zone.js:612
Zone - Promise.then (async)
onScheduleTask @ debug_node.mjs:16300
scheduleTask @ zone.js:411
onScheduleTask @ zone.js:273
scheduleTask @ zone.js:411
scheduleTask @ zone.js:207
scheduleMicroTask @ zone.js:227
scheduleResolveOrReject @ zone.js:2527
then @ zone.js:2732
(anonymous) @ core.mjs:948
_callAndReportToErrorHandler @ core.mjs:1008
(anonymous) @ core.mjs:945
invoke @ zone.js:398
onInvoke @ debug_node.mjs:16642
invoke @ zone.js:397
run @ zone.js:113
run @ debug_node.mjs:16488
bootstrap @ core.mjs:904
internalCreateApplication @ core.mjs:2655
bootstrapApplication @ browser.mjs:430
(anonymous) @ main.ts:5
Show 757 more frames
Show less
login.component.ts:119 Error details: 0 Http failure response for https://localhost:7209/api/Users/me: 0 undefined
error @ login.component.ts:119
ConsumerObserver2.error @ Subscriber.js:107
Subscriber2._error @ Subscriber.js:67
Subscriber2.error @ Subscriber.js:43
Subscriber2._error @ Subscriber.js:67
Subscriber2.error @ Subscriber.js:43
Subscriber2._error @ Subscriber.js:67
Subscriber2.error @ Subscriber.js:43
Subscriber2._error @ Subscriber.js:67
Subscriber2.error @ Subscriber.js:43
init @ throwError.js:5
Observable2._trySubscribe @ Observable.js:38
(anonymous) @ Observable.js:32
errorContext @ errorContext.js:19
Observable2.subscribe @ Observable.js:23
(anonymous) @ catchError.js:14
OperatorSubscriber2._this._error @ OperatorSubscriber.js:25
Subscriber2.error @ Subscriber.js:43
(anonymous) @ module.mjs:1752
rejected @ chunk-WDMUDEB6.js:43
invoke @ zone.js:398
onInvoke @ debug_node.mjs:16642
invoke @ zone.js:397
run @ zone.js:113
(anonymous) @ zone.js:2537
invokeTask @ zone.js:431
(anonymous) @ debug_node.mjs:16306
onInvokeTask @ debug_node.mjs:16306
invokeTask @ zone.js:430
onInvokeTask @ debug_node.mjs:16629
invokeTask @ zone.js:430
runTask @ zone.js:161
drainMicroTaskQueue @ zone.js:612
Zone - Promise.then (async)
onScheduleTask @ debug_node.mjs:16300
scheduleTask @ zone.js:411
onScheduleTask @ zone.js:273
scheduleTask @ zone.js:411
scheduleTask @ zone.js:207
scheduleMicroTask @ zone.js:227
scheduleResolveOrReject @ zone.js:2527
resolvePromise @ zone.js:2461
(anonymous) @ zone.js:2369
(anonymous) @ zone.js:2385
invoke @ zone.js:398
onInvoke @ debug_node.mjs:16642
invoke @ zone.js:397
run @ zone.js:113
(anonymous) @ zone.js:2537
invokeTask @ zone.js:431
(anonymous) @ debug_node.mjs:16306
onInvokeTask @ debug_node.mjs:16306
invokeTask @ zone.js:430
onInvokeTask @ debug_node.mjs:16629
invokeTask @ zone.js:430
runTask @ zone.js:161
drainMicroTaskQueue @ zone.js:612
Zone - Promise.then (async)
onScheduleTask @ debug_node.mjs:16300
scheduleTask @ zone.js:411
onScheduleTask @ zone.js:273
scheduleTask @ zone.js:411
scheduleTask @ zone.js:207
scheduleMicroTask @ zone.js:227
scheduleResolveOrReject @ zone.js:2527
resolvePromise @ zone.js:2461
(anonymous) @ zone.js:2369
(anonymous) @ zone.js:2385
Promise.then (async)
(anonymous) @ zone.js:2779
ZoneAwarePromise @ zone.js:2701
Ctor.then @ zone.js:2778
resolvePromise @ zone.js:2422
resolve @ zone.js:2559
step @ chunk-WDMUDEB6.js:48
(anonymous) @ chunk-WDMUDEB6.js:49
ZoneAwarePromise @ zone.js:2701
__async @ chunk-WDMUDEB6.js:33
doRequest @ module.mjs:1731
(anonymous) @ module.mjs:1710
Observable2._trySubscribe @ Observable.js:38
(anonymous) @ Observable.js:32
errorContext @ errorContext.js:19
Observable2.subscribe @ Observable.js:23
(anonymous) @ catchError.js:9
(anonymous) @ lift.js:10
(anonymous) @ Observable.js:27
errorContext @ errorContext.js:19
Observable2.subscribe @ Observable.js:23
(anonymous) @ finalize.js:5
(anonymous) @ lift.js:10
(anonymous) @ Observable.js:27
errorContext @ errorContext.js:19
Observable2.subscribe @ Observable.js:23
doInnerSub @ mergeInternals.js:19
outerNext @ mergeInternals.js:14
OperatorSubscriber2._this._next @ OperatorSubscriber.js:15
Subscriber2.next @ Subscriber.js:34
(anonymous) @ innerFrom.js:51
Observable2._trySubscribe @ Observable.js:38
(anonymous) @ Observable.js:32
errorContext @ errorContext.js:19
Observable2.subscribe @ Observable.js:23
mergeInternals @ mergeInternals.js:53
(anonymous) @ mergeMap.js:14
(anonymous) @ lift.js:10
(anonymous) @ Observable.js:27
errorContext @ errorContext.js:19
Observable2.subscribe @ Observable.js:23
(anonymous) @ filter.js:6
(anonymous) @ lift.js:10
(anonymous) @ Observable.js:27
errorContext @ errorContext.js:19
Observable2.subscribe @ Observable.js:23
(anonymous) @ map.js:6
(anonymous) @ lift.js:10
(anonymous) @ Observable.js:27
errorContext @ errorContext.js:19
Observable2.subscribe @ Observable.js:23
loadUserInfo @ login.component.ts:110
next @ login.component.ts:71
ConsumerObserver2.next @ Subscriber.js:96
Subscriber2._next @ Subscriber.js:63
Subscriber2.next @ Subscriber.js:34
(anonymous) @ map.js:7
OperatorSubscriber2._this._next @ OperatorSubscriber.js:15
Subscriber2.next @ Subscriber.js:34
(anonymous) @ filter.js:6
OperatorSubscriber2._this._next @ OperatorSubscriber.js:15
Subscriber2.next @ Subscriber.js:34
(anonymous) @ mergeInternals.js:25
OperatorSubscriber2._this._next @ OperatorSubscriber.js:15
Subscriber2.next @ Subscriber.js:34
(anonymous) @ module.mjs:1862
fulfilled @ chunk-WDMUDEB6.js:36
invoke @ zone.js:398
onInvoke @ debug_node.mjs:16642
invoke @ zone.js:397
run @ zone.js:113
(anonymous) @ zone.js:2537
invokeTask @ zone.js:431
(anonymous) @ debug_node.mjs:16306
onInvokeTask @ debug_node.mjs:16306
invokeTask @ zone.js:430
onInvokeTask @ debug_node.mjs:16629
invokeTask @ zone.js:430
runTask @ zone.js:161
drainMicroTaskQueue @ zone.js:612
Zone - Promise.then (async)
onScheduleTask @ debug_node.mjs:16300
scheduleTask @ zone.js:411
onScheduleTask @ zone.js:273
scheduleTask @ zone.js:411
scheduleTask @ zone.js:207
scheduleMicroTask @ zone.js:227
scheduleResolveOrReject @ zone.js:2527
resolvePromise @ zone.js:2461
(anonymous) @ zone.js:2369
(anonymous) @ zone.js:2385
step @ chunk-WDMUDEB6.js:48
fulfilled @ chunk-WDMUDEB6.js:36
invoke @ zone.js:398
run @ zone.js:113
(anonymous) @ zone.js:2537
invokeTask @ zone.js:431
runTask @ zone.js:161
drainMicroTaskQueue @ zone.js:612
Promise.then (async)
nativeScheduleMicroTask @ zone.js:588
scheduleMicroTask @ zone.js:599
scheduleTask @ zone.js:420
scheduleTask @ zone.js:207
scheduleMicroTask @ zone.js:227
scheduleResolveOrReject @ zone.js:2527
resolvePromise @ zone.js:2461
(anonymous) @ zone.js:2369
(anonymous) @ zone.js:2385
Promise.then (async)
(anonymous) @ zone.js:2779
ZoneAwarePromise @ zone.js:2701
Ctor.then @ zone.js:2778
resolvePromise @ zone.js:2422
resolve @ zone.js:2559
step @ chunk-WDMUDEB6.js:48
fulfilled @ chunk-WDMUDEB6.js:36
invoke @ zone.js:398
run @ zone.js:113
(anonymous) @ zone.js:2537
invokeTask @ zone.js:431
runTask @ zone.js:161
drainMicroTaskQueue @ zone.js:612
Promise.then (async)
nativeScheduleMicroTask @ zone.js:588
scheduleMicroTask @ zone.js:599
scheduleTask @ zone.js:420
scheduleTask @ zone.js:207
scheduleMicroTask @ zone.js:227
scheduleResolveOrReject @ zone.js:2527
resolvePromise @ zone.js:2461
(anonymous) @ zone.js:2369
(anonymous) @ zone.js:2385
Promise.then (async)
(anonymous) @ zone.js:2779
ZoneAwarePromise @ zone.js:2701
Ctor.then @ zone.js:2778
resolvePromise @ zone.js:2422
resolve @ zone.js:2559
step @ chunk-WDMUDEB6.js:48
(anonymous) @ chunk-WDMUDEB6.js:49
ZoneAwarePromise @ zone.js:2701
__async @ chunk-WDMUDEB6.js:33
(anonymous) @ module.mjs:1789
invoke @ zone.js:398
run @ zone.js:113
runOutsideAngular @ debug_node.mjs:16533
(anonymous) @ module.mjs:1789
fulfilled @ chunk-WDMUDEB6.js:36
invoke @ zone.js:398
onInvoke @ debug_node.mjs:16642
invoke @ zone.js:397
run @ zone.js:113
(anonymous) @ zone.js:2537
invokeTask @ zone.js:431
(anonymous) @ debug_node.mjs:16306
onInvokeTask @ debug_node.mjs:16306
invokeTask @ zone.js:430
onInvokeTask @ debug_node.mjs:16629
invokeTask @ zone.js:430
runTask @ zone.js:161
drainMicroTaskQueue @ zone.js:612
Zone - Promise.then (async)
onScheduleTask @ debug_node.mjs:16300
scheduleTask @ zone.js:411
onScheduleTask @ zone.js:273
scheduleTask @ zone.js:411
scheduleTask @ zone.js:207
scheduleMicroTask @ zone.js:227
scheduleResolveOrReject @ zone.js:2527
resolvePromise @ zone.js:2461
(anonymous) @ zone.js:2369
(anonymous) @ zone.js:2385
invoke @ zone.js:398
onInvoke @ debug_node.mjs:16642
invoke @ zone.js:397
run @ zone.js:113
(anonymous) @ zone.js:2537
invokeTask @ zone.js:431
(anonymous) @ debug_node.mjs:16306
onInvokeTask @ debug_node.mjs:16306
invokeTask @ zone.js:430
onInvokeTask @ debug_node.mjs:16629
invokeTask @ zone.js:430
runTask @ zone.js:161
drainMicroTaskQueue @ zone.js:612
Zone - Promise.then (async)
onScheduleTask @ debug_node.mjs:16300
scheduleTask @ zone.js:411
onScheduleTask @ zone.js:273
scheduleTask @ zone.js:411
scheduleTask @ zone.js:207
scheduleMicroTask @ zone.js:227
scheduleResolveOrReject @ zone.js:2527
resolvePromise @ zone.js:2461
(anonymous) @ zone.js:2369
(anonymous) @ zone.js:2385
Promise.then (async)
(anonymous) @ zone.js:2779
ZoneAwarePromise @ zone.js:2701
Ctor.then @ zone.js:2778
resolvePromise @ zone.js:2422
resolve @ zone.js:2559
step @ chunk-WDMUDEB6.js:48
(anonymous) @ chunk-WDMUDEB6.js:49
ZoneAwarePromise @ zone.js:2701
__async @ chunk-WDMUDEB6.js:33
doRequest @ module.mjs:1731
(anonymous) @ module.mjs:1710
Observable2._trySubscribe @ Observable.js:38
(anonymous) @ Observable.js:32
errorContext @ errorContext.js:19
Observable2.subscribe @ Observable.js:23
(anonymous) @ finalize.js:5
(anonymous) @ lift.js:10
(anonymous) @ Observable.js:27
errorContext @ errorContext.js:19
Observable2.subscribe @ Observable.js:23
doInnerSub @ mergeInternals.js:19
outerNext @ mergeInternals.js:14
OperatorSubscriber2._this._next @ OperatorSubscriber.js:15
Subscriber2.next @ Subscriber.js:34
(anonymous) @ innerFrom.js:51
Observable2._trySubscribe @ Observable.js:38
(anonymous) @ Observable.js:32
errorContext @ errorContext.js:19
Observable2.subscribe @ Observable.js:23
mergeInternals @ mergeInternals.js:53
(anonymous) @ mergeMap.js:14
(anonymous) @ lift.js:10
(anonymous) @ Observable.js:27
errorContext @ errorContext.js:19
Observable2.subscribe @ Observable.js:23
(anonymous) @ filter.js:6
(anonymous) @ lift.js:10
(anonymous) @ Observable.js:27
errorContext @ errorContext.js:19
Observable2.subscribe @ Observable.js:23
(anonymous) @ map.js:6
(anonymous) @ lift.js:10
(anonymous) @ Observable.js:27
errorContext @ errorContext.js:19
Observable2.subscribe @ Observable.js:23
login @ login.component.ts:56
LoginComponent_Template_form_ngSubmit_13_listener @ login.component.html:14
executeListenerWithErrorHandling @ debug_node.mjs:12956
wrapListenerIn_markDirtyAndPreventDefault @ debug_node.mjs:12939
ConsumerObserver2.next @ Subscriber.js:96
Subscriber2._next @ Subscriber.js:63
Subscriber2.next @ Subscriber.js:34
(anonymous) @ Subject.js:41
errorContext @ errorContext.js:19
Subject2.next @ Subject.js:31
emit @ debug_node.mjs:16176
onSubmit @ forms.mjs:3877
NgForm_submit_HostBindingHandler @ forms.mjs:3919
executeListenerWithErrorHandling @ debug_node.mjs:12956
wrapListenerIn_markDirtyAndPreventDefault @ debug_node.mjs:12939
(anonymous) @ dom_renderer.mjs:707
invokeTask @ zone.js:431
(anonymous) @ debug_node.mjs:16306
onInvokeTask @ debug_node.mjs:16306
invokeTask @ zone.js:430
onInvokeTask @ debug_node.mjs:16629
invokeTask @ zone.js:430
runTask @ zone.js:161
invokeTask @ zone.js:515
invokeTask @ zone.js:1141
globalCallback @ zone.js:1172
globalZoneAwareCallback @ zone.js:1205
Zone - HTMLFormElement.addEventListener:submit (async)
onScheduleTask @ debug_node.mjs:16300
scheduleTask @ zone.js:411
onScheduleTask @ zone.js:273
scheduleTask @ zone.js:411
scheduleTask @ zone.js:207
scheduleEventTask @ zone.js:233
(anonymous) @ zone.js:1498
addEventListener @ browser.mjs:164
addEventListener @ dom_renderer.mjs:49
listen @ dom_renderer.mjs:689
listen @ browser.mjs:3879
listenToDomEvent @ debug_node.mjs:13023
listenerInternal @ debug_node.mjs:24659
ɵɵlistener @ debug_node.mjs:24597
NgForm_HostBindings @ forms.mjs:3918
invokeHostBindingsInCreationMode @ debug_node.mjs:8194
invokeDirectivesHostBindings @ debug_node.mjs:8177
createDirectivesInstances @ debug_node.mjs:7929
ɵɵelementStart @ debug_node.mjs:22401
LoginComponent_Template @ login.component.html:14
executeTemplate @ debug_node.mjs:7913
renderView @ debug_node.mjs:8529
renderComponent @ debug_node.mjs:8474
renderChildComponents @ debug_node.mjs:8577
renderView @ debug_node.mjs:8557
create @ debug_node.mjs:13457
createComponent @ debug_node.mjs:13831
activateWith @ router2.mjs:2783
activateRoutes @ router2.mjs:3263
(anonymous) @ router2.mjs:3219
activateChildRoutes @ router2.mjs:3218
activateRoutes @ router2.mjs:3238
(anonymous) @ router2.mjs:3219
activateChildRoutes @ router2.mjs:3218
activate @ router2.mjs:3129
(anonymous) @ router2.mjs:3108
(anonymous) @ map.js:7
OperatorSubscriber2._this._next @ OperatorSubscriber.js:15
Subscriber2.next @ Subscriber.js:34
(anonymous) @ tap.js:18
OperatorSubscriber2._this._next @ OperatorSubscriber.js:15
Subscriber2.next @ Subscriber.js:34
(anonymous) @ map.js:7
OperatorSubscriber2._this._next @ OperatorSubscriber.js:15
Subscriber2.next @ Subscriber.js:34
(anonymous) @ switchMap.js:14
OperatorSubscriber2._this._next @ OperatorSubscriber.js:15
Subscriber2.next @ Subscriber.js:34
(anonymous) @ innerFrom.js:51
Observable2._trySubscribe @ Observable.js:38
(anonymous) @ Observable.js:32
errorContext @ errorContext.js:19
Observable2.subscribe @ Observable.js:23
(anonymous) @ switchMap.js:14
OperatorSubscriber2._this._next @ OperatorSubscriber.js:15
Subscriber2.next @ Subscriber.js:34
(anonymous) @ switchMap.js:14
OperatorSubscriber2._this._next @ OperatorSubscriber.js:15
Subscriber2.next @ Subscriber.js:34
(anonymous) @ map.js:7
OperatorSubscriber2._this._next @ OperatorSubscriber.js:15
Subscriber2.next @ Subscriber.js:34
(anonymous) @ innerFrom.js:51
Observable2._trySubscribe @ Observable.js:38
(anonymous) @ Observable.js:32
errorContext @ errorContext.js:19
Observable2.subscribe @ Observable.js:23
(anonymous) @ map.js:6
(anonymous) @ lift.js:10
(anonymous) @ Observable.js:27
errorContext @ errorContext.js:19
Observable2.subscribe @ Observable.js:23
(anonymous) @ switchMap.js:14
OperatorSubscriber2._this._next @ OperatorSubscriber.js:15
Subscriber2.next @ Subscriber.js:34
(anonymous) @ switchMap.js:14
OperatorSubscriber2._this._next @ OperatorSubscriber.js:15
Subscriber2.next @ Subscriber.js:34
(anonymous) @ map.js:7
OperatorSubscriber2._this._next @ OperatorSubscriber.js:15
Subscriber2.next @ Subscriber.js:34
(anonymous) @ take.js:12
OperatorSubscriber2._this._next @ OperatorSubscriber.js:15
Subscriber2.next @ Subscriber.js:34
(anonymous) @ defaultIfEmpty.js:11
OperatorSubscriber2._this._complete @ OperatorSubscriber.js:38
Subscriber2.complete @ Subscriber.js:52
(anonymous) @ innerFrom.js:53
Observable2._trySubscribe @ Observable.js:38
(anonymous) @ Observable.js:32
errorContext @ errorContext.js:19
Observable2.subscribe @ Observable.js:23
(anonymous) @ defaultIfEmpty.js:6
(anonymous) @ lift.js:10
(anonymous) @ Observable.js:27
errorContext @ errorContext.js:19
Observable2.subscribe @ Observable.js:23
(anonymous) @ take.js:10
(anonymous) @ lift.js:10
(anonymous) @ Observable.js:27
errorContext @ errorContext.js:19
Observable2.subscribe @ Observable.js:23
(anonymous) @ map.js:6
(anonymous) @ lift.js:10
(anonymous) @ Observable.js:27
errorContext @ errorContext.js:19
Observable2.subscribe @ Observable.js:23
(anonymous) @ switchMap.js:14
OperatorSubscriber2._this._next @ OperatorSubscriber.js:15
Subscriber2.next @ Subscriber.js:34
(anonymous) @ switchMap.js:14
OperatorSubscriber2._this._next @ OperatorSubscriber.js:15
Subscriber2.next @ Subscriber.js:34
(anonymous) @ map.js:7
OperatorSubscriber2._this._next @ OperatorSubscriber.js:15
Subscriber2.next @ Subscriber.js:34
(anonymous) @ tap.js:18
OperatorSubscriber2._this._next @ OperatorSubscriber.js:15
Subscriber2.next @ Subscriber.js:34
(anonymous) @ switchMap.js:14
OperatorSubscriber2._this._next @ OperatorSubscriber.js:15
Subscriber2.next @ Subscriber.js:34
(anonymous) @ tap.js:18
OperatorSubscriber2._this._next @ OperatorSubscriber.js:15
Subscriber2.next @ Subscriber.js:34
(anonymous) @ mergeInternals.js:25
OperatorSubscriber2._this._next @ OperatorSubscriber.js:15
Subscriber2.next @ Subscriber.js:34
(anonymous) @ mergeInternals.js:25
OperatorSubscriber2._this._next @ OperatorSubscriber.js:15
Subscriber2.next @ Subscriber.js:34
(anonymous) @ innerFrom.js:51
Observable2._trySubscribe @ Observable.js:38
(anonymous) @ Observable.js:32
errorContext @ errorContext.js:19
Observable2.subscribe @ Observable.js:23
doInnerSub @ mergeInternals.js:19
outerNext @ mergeInternals.js:14
OperatorSubscriber2._this._next @ OperatorSubscriber.js:15
Subscriber2.next @ Subscriber.js:34
(anonymous) @ takeLast.js:18
OperatorSubscriber2._this._complete @ OperatorSubscriber.js:38
Subscriber2.complete @ Subscriber.js:52
(anonymous) @ tap.js:23
OperatorSubscriber2._this._complete @ OperatorSubscriber.js:38
Subscriber2.complete @ Subscriber.js:52
checkComplete @ mergeInternals.js:11
(anonymous) @ mergeInternals.js:55
OperatorSubscriber2._this._complete @ OperatorSubscriber.js:38
Subscriber2.complete @ Subscriber.js:52
(anonymous) @ innerFrom.js:87
Observable2._trySubscribe @ Observable.js:38
(anonymous) @ Observable.js:32
errorContext @ errorContext.js:19
Observable2.subscribe @ Observable.js:23
mergeInternals @ mergeInternals.js:53
(anonymous) @ mergeMap.js:14
(anonymous) @ lift.js:10
(anonymous) @ Observable.js:27
errorContext @ errorContext.js:19
Observable2.subscribe @ Observable.js:23
(anonymous) @ tap.js:15
(anonymous) @ lift.js:10
(anonymous) @ Observable.js:27
errorContext @ errorContext.js:19
Observable2.subscribe @ Observable.js:23
(anonymous) @ takeLast.js:10
(anonymous) @ lift.js:10
(anonymous) @ Observable.js:27
errorContext @ errorContext.js:19
Observable2.subscribe @ Observable.js:23
mergeInternals @ mergeInternals.js:53
(anonymous) @ mergeMap.js:14
(anonymous) @ lift.js:10
(anonymous) @ Observable.js:27
errorContext @ errorContext.js:19
Observable2.subscribe @ Observable.js:23
doInnerSub @ mergeInternals.js:19
outerNext @ mergeInternals.js:14
OperatorSubscriber2._this._next @ OperatorSubscriber.js:15
Subscriber2.next @ Subscriber.js:34
(anonymous) @ innerFrom.js:51
Observable2._trySubscribe @ Observable.js:38
(anonymous) @ Observable.js:32
errorContext @ errorContext.js:19
Observable2.subscribe @ Observable.js:23
mergeInternals @ mergeInternals.js:53
(anonymous) @ mergeMap.js:14
(anonymous) @ lift.js:10
(anonymous) @ Observable.js:27
errorContext @ errorContext.js:19
Observable2.subscribe @ Observable.js:23
(anonymous) @ tap.js:15
(anonymous) @ lift.js:10
(anonymous) @ Observable.js:27
errorContext @ errorContext.js:19
Observable2.subscribe @ Observable.js:23
(anonymous) @ switchMap.js:14
OperatorSubscriber2._this._next @ OperatorSubscriber.js:15
Subscriber2.next @ Subscriber.js:34
Zone - Promise.then (async)
onScheduleTask @ debug_node.mjs:16300
scheduleTask @ zone.js:411
onScheduleTask @ zone.js:273
scheduleTask @ zone.js:411
scheduleTask @ zone.js:207
scheduleMicroTask @ zone.js:227
scheduleResolveOrReject @ zone.js:2527
then @ zone.js:2732
(anonymous) @ innerFrom.js:59
Observable2._trySubscribe @ Observable.js:38
(anonymous) @ Observable.js:32
errorContext @ errorContext.js:19
Observable2.subscribe @ Observable.js:23
(anonymous) @ switchMap.js:14
OperatorSubscriber2._this._next @ OperatorSubscriber.js:15
Subscriber2.next @ Subscriber.js:34
(anonymous) @ innerFrom.js:51
Observable2._trySubscribe @ Observable.js:38
(anonymous) @ Observable.js:32
errorContext @ errorContext.js:19
Observable2.subscribe @ Observable.js:23
(anonymous) @ switchMap.js:10
(anonymous) @ lift.js:10
(anonymous) @ Observable.js:27
errorContext @ errorContext.js:19
Observable2.subscribe @ Observable.js:23
mergeInternals @ mergeInternals.js:53
(anonymous) @ mergeMap.js:14
(anonymous) @ lift.js:10
(anonymous) @ Observable.js:27
errorContext @ errorContext.js:19
Observable2.subscribe @ Observable.js:23
(anonymous) @ tap.js:15
(anonymous) @ lift.js:10
(anonymous) @ Observable.js:27
errorContext @ errorContext.js:19
Observable2.subscribe @ Observable.js:23
(anonymous) @ switchMap.js:14
OperatorSubscriber2._this._next @ OperatorSubscriber.js:15
Subscriber2.next @ Subscriber.js:34
(anonymous) @ innerFrom.js:51
Observable2._trySubscribe @ Observable.js:38
(anonymous) @ Observable.js:32
errorContext @ errorContext.js:19
Observable2.subscribe @ Observable.js:23
(anonymous) @ switchMap.js:10
(anonymous) @ lift.js:10
(anonymous) @ Observable.js:27
errorContext @ errorContext.js:19
Observable2.subscribe @ Observable.js:23
(anonymous) @ tap.js:15
(anonymous) @ lift.js:10
(anonymous) @ Observable.js:27
errorContext @ errorContext.js:19
Observable2.subscribe @ Observable.js:23
(anonymous) @ map.js:6
(anonymous) @ lift.js:10
(anonymous) @ Observable.js:27
errorContext @ errorContext.js:19
Observable2.subscribe @ Observable.js:23
mergeInternals @ mergeInternals.js:53
(anonymous) @ mergeMap.js:14
(anonymous) @ lift.js:10
(anonymous) @ Observable.js:27
errorContext @ errorContext.js:19
Observable2.subscribe @ Observable.js:23
(anonymous) @ tap.js:15
(anonymous) @ lift.js:10
(anonymous) @ Observable.js:27
errorContext @ errorContext.js:19
Observable2.subscribe @ Observable.js:23
(anonymous) @ filter.js:6
(anonymous) @ lift.js:10
(anonymous) @ Observable.js:27
errorContext @ errorContext.js:19
Observable2.subscribe @ Observable.js:23
(anonymous) @ switchMap.js:10
(anonymous) @ lift.js:10
(anonymous) @ Observable.js:27
errorContext @ errorContext.js:19
Observable2.subscribe @ Observable.js:23
(anonymous) @ switchMap.js:10
(anonymous) @ lift.js:10
(anonymous) @ Observable.js:27
errorContext @ errorContext.js:19
Observable2.subscribe @ Observable.js:23
(anonymous) @ switchMap.js:10
(anonymous) @ lift.js:10
(anonymous) @ Observable.js:27
errorContext @ errorContext.js:19
Observable2.subscribe @ Observable.js:23
(anonymous) @ switchMap.js:10
(anonymous) @ lift.js:10
(anonymous) @ Observable.js:27
errorContext @ errorContext.js:19
Observable2.subscribe @ Observable.js:23
(anonymous) @ map.js:6
(anonymous) @ lift.js:10
(anonymous) @ Observable.js:27
errorContext @ errorContext.js:19
Observable2.subscribe @ Observable.js:23
(anonymous) @ tap.js:15
(anonymous) @ lift.js:10
(anonymous) @ Observable.js:27
errorContext @ errorContext.js:19
Observable2.subscribe @ Observable.js:23
(anonymous) @ map.js:6
(anonymous) @ lift.js:10
(anonymous) @ Observable.js:27
errorContext @ errorContext.js:19
Observable2.subscribe @ Observable.js:23
(anonymous) @ take.js:10
(anonymous) @ lift.js:10
(anonymous) @ Observable.js:27
errorContext @ errorContext.js:19
Observable2.subscribe @ Observable.js:23
(anonymous) @ takeUntil.js:8
(anonymous) @ lift.js:10
(anonymous) @ Observable.js:27
errorContext @ errorContext.js:19
Observable2.subscribe @ Observable.js:23
(anonymous) @ tap.js:15
(anonymous) @ lift.js:10
(anonymous) @ Observable.js:27
errorContext @ errorContext.js:19
Observable2.subscribe @ Observable.js:23
(anonymous) @ takeUntil.js:8
(anonymous) @ lift.js:10
(anonymous) @ Observable.js:27
errorContext @ errorContext.js:19
Observable2.subscribe @ Observable.js:23
(anonymous) @ finalize.js:5
(anonymous) @ lift.js:10
(anonymous) @ Observable.js:27
errorContext @ errorContext.js:19
Observable2.subscribe @ Observable.js:23
(anonymous) @ catchError.js:9
(anonymous) @ lift.js:10
(anonymous) @ Observable.js:27
errorContext @ errorContext.js:19
Observable2.subscribe @ Observable.js:23
(anonymous) @ switchMap.js:14
OperatorSubscriber2._this._next @ OperatorSubscriber.js:15
Subscriber2.next @ Subscriber.js:34
(anonymous) @ filter.js:6
OperatorSubscriber2._this._next @ OperatorSubscriber.js:15
Subscriber2.next @ Subscriber.js:34
(anonymous) @ Subject.js:41
errorContext @ errorContext.js:19
Subject2.next @ Subject.js:31
BehaviorSubject2.next @ BehaviorSubject.js:31
handleNavigationRequest @ router2.mjs:4752
scheduleNavigation @ router2.mjs:6022
navigateByUrl @ router2.mjs:5921
navigate @ router2.mjs:5957
logout @ app.ts:225
AppComponent_ng_template_55_Template_button_click_46_listener @ app.html:185
executeListenerWithErrorHandling @ debug_node.mjs:12956
wrapListenerIn_markDirtyAndPreventDefault @ debug_node.mjs:12939
(anonymous) @ dom_renderer.mjs:707
invokeTask @ zone.js:431
(anonymous) @ debug_node.mjs:16306
onInvokeTask @ debug_node.mjs:16306
invokeTask @ zone.js:430
onInvokeTask @ debug_node.mjs:16629
invokeTask @ zone.js:430
runTask @ zone.js:161
invokeTask @ zone.js:515
invokeTask @ zone.js:1141
globalCallback @ zone.js:1172
globalZoneAwareCallback @ zone.js:1205
Zone - HTMLButtonElement.addEventListener:click (async)
onScheduleTask @ debug_node.mjs:16300
scheduleTask @ zone.js:411
onScheduleTask @ zone.js:273
scheduleTask @ zone.js:411
scheduleTask @ zone.js:207
scheduleEventTask @ zone.js:233
(anonymous) @ zone.js:1498
addEventListener @ browser.mjs:164
addEventListener @ dom_renderer.mjs:49
listen @ dom_renderer.mjs:689
listen @ browser.mjs:3879
listenToDomEvent @ debug_node.mjs:13023
listenerInternal @ debug_node.mjs:24659
ɵɵlistener @ debug_node.mjs:24597
AppComponent_ng_template_55_Template @ app.html:185
executeTemplate @ debug_node.mjs:7913
renderView @ debug_node.mjs:8529
createAndRenderEmbeddedLView @ debug_node.mjs:8599
createEmbeddedViewImpl @ debug_node.mjs:9832
createEmbeddedView @ debug_node.mjs:13755
_updateView @ common_module.mjs:3073
set ngIfElse @ common_module.mjs:3057
applyValueToInputField @ debug_node.mjs:528
writeToDirectiveInput @ debug_node.mjs:7138
setAllInputsForProperty @ debug_node.mjs:8406
setPropertyAndInputs @ debug_node.mjs:8040
ɵɵproperty @ debug_node.mjs:22361
AppComponent_Template @ app.html:99
executeTemplate @ debug_node.mjs:7913
refreshView @ debug_node.mjs:8943
detectChangesInView @ debug_node.mjs:9163
detectChangesInViewIfAttached @ debug_node.mjs:9123
detectChangesInComponent @ debug_node.mjs:9111
detectChangesInChildComponents @ debug_node.mjs:9189
refreshView @ debug_node.mjs:8998
detectChangesInView @ debug_node.mjs:9163
detectChangesInViewWhileDirty @ debug_node.mjs:8852
detectChangesInternal @ debug_node.mjs:8840
synchronizeOnce @ debug_node.mjs:20285
synchronize @ debug_node.mjs:20244
tickImpl @ debug_node.mjs:20217
_tick @ debug_node.mjs:20206
tick @ debug_node.mjs:20194
_loadComponent @ debug_node.mjs:20364
(anonymous) @ debug_node.mjs:20171
invoke @ zone.js:398
onInvoke @ debug_node.mjs:16642
invoke @ zone.js:397
run @ zone.js:113
run @ debug_node.mjs:16488
bootstrapImpl @ debug_node.mjs:20131
bootstrap @ debug_node.mjs:20127
(anonymous) @ core.mjs:967
invoke @ zone.js:398
onInvoke @ debug_node.mjs:16642
invoke @ zone.js:397
run @ zone.js:113
(anonymous) @ zone.js:2537
invokeTask @ zone.js:431
(anonymous) @ debug_node.mjs:16306
onInvokeTask @ debug_node.mjs:16306
invokeTask @ zone.js:430
onInvokeTask @ debug_node.mjs:16629
invokeTask @ zone.js:430
runTask @ zone.js:161
drainMicroTaskQueue @ zone.js:612
Zone - Promise.then (async)
onScheduleTask @ debug_node.mjs:16300
scheduleTask @ zone.js:411
onScheduleTask @ zone.js:273
scheduleTask @ zone.js:411
scheduleTask @ zone.js:207
scheduleMicroTask @ zone.js:227
scheduleResolveOrReject @ zone.js:2527
then @ zone.js:2732
(anonymous) @ core.mjs:948
_callAndReportToErrorHandler @ core.mjs:1008
(anonymous) @ core.mjs:945
invoke @ zone.js:398
onInvoke @ debug_node.mjs:16642
invoke @ zone.js:397
run @ zone.js:113
run @ debug_node.mjs:16488
bootstrap @ core.mjs:904
internalCreateApplication @ core.mjs:2655
bootstrapApplication @ browser.mjs:430
(anonymous) @ main.ts:5
Show 757 more frames
Show less
:7209/api/Users/me:1 
        
        
       
        
       Third-party cookie will be blocked in future Chrome versions as part of Privacy Sandbox.
login.component.ts:82 🔄 Redirecting to: /tr
Books:1 
        
        
       
        
       Third-party cookie will be blocked in future Chrome versions as part of Privacy Sandbox.
